This is pdfTeX, Version 3.14159265-2.6-1.40.20 (TeX Live 2019/Debian) (preloaded format=pdflatex 2021.9.5)  23 SEP 2021 18:27
entering extended mode
 restricted \write18 enabled.
 %&-line parsing enabled.
**biblio.tex
(./biblio.tex
LaTeX2e <2020-02-02> patch level 2
L3 programming layer <2020-02-14>
\bibdata{biblio}
No file biblio.bbl.
)
! Emergency stop.
<*> biblio.tex
              
*** (job aborted, no legal \end found)

 
Here is how much of TeX's memory you used:
 18 strings out of 482080
 399 string characters out of 5941728
 233878 words of memory out of 5000000
 15181 multiletter control sequences out of 15000+600000
 532338 words of font info for 24 fonts, out of 8000000 for 9000
 766 hyphenation exceptions out of 8191
 12i,0n,15p,94b,17s stack positions out of 5000i,500n,10000p,200000b,80000s
!  ==> Fatal error occurred, no output PDF file produced!
