This is pdfTeX, Version 3.14159265-2.6-1.40.20 (TeX Live 2019/Debian) (preloaded format=pdflatex 2021.9.5)  17 SEP 2021 19:19
entering extended mode
 restricted \write18 enabled.
 %&-line parsing enabled.
**introduction.tex
(./introduction.tex
LaTeX2e <2020-02-02> patch level 2
L3 programming layer <2020-02-14>
! Undefined control sequence.
l.1 \chapter
            *{–í–≤–µ–¥–µ–Ω–∏–µ}
The control sequence at the end of the top line
of your error message was never \def'ed. If you have
misspelled it (e.g., `\hobx'), type `I' and the correct
spelling (e.g., `I\hbox'). Otherwise just continue,
and I'll forget about whatever was undefined.


! LaTeX Error: Missing \begin{document}.

See the LaTeX manual or LaTeX Companion for explanation.
Type  H <return>  for immediate help.
 ...                                              
                                                  
l.1 \chapter*
             {–í–≤–µ–¥–µ–Ω–∏–µ}
You're in trouble here.  Try typing  <return>  to proceed.
If that doesn't work, type  X <return>  to quit.

Missing character: There is no * in font nullfont!

! Package inputenc Error: Unicode character –í (U+0412)
(inputenc)                not set up for use with LaTeX.

See the inputenc package documentation for explanation.
Type  H <return>  for immediate help.
 ...                                              
                                                  
l.1 \chapter*{–í
                –≤–µ–¥–µ–Ω–∏–µ}
You may provide a definition with
\DeclareUnicodeCharacter 


! Package inputenc Error: Unicode character –≤ (U+0432)
(inputenc)                not set up for use with LaTeX.

See the inputenc package documentation for explanation.
Type  H <return>  for immediate help.
 ...                                              
                                                  
l.1 \chapter*{–í–≤
                  –µ–¥–µ–Ω–∏–µ}
You may provide a definition with
\DeclareUnicodeCharacter 


! Package inputenc Error: Unicode character –µ (U+0435)
(inputenc)                not set up for use with LaTeX.

See the inputenc package documentation for explanation.
Type  H <return>  for immediate help.
 ...                                              
                                                  
l.1 \chapter*{–í–≤–µ
                    –¥–µ–Ω–∏–µ}
You may provide a definition with
\DeclareUnicodeCharacter 


! Package inputenc Error: Unicode character –¥ (U+0434)
(inputenc)                not set up for use with LaTeX.

See the inputenc package documentation for explanation.
Type  H <return>  for immediate help.
 ...                                              
                                                  
l.1 \chapter*{–í–≤–µ–¥
                      –µ–Ω–∏–µ}
You may provide a definition with
\DeclareUnicodeCharacter 


! Package inputenc Error: Unicode character –µ (U+0435)
(inputenc)                not set up for use with LaTeX.

See the inputenc package documentation for explanation.
Type  H <return>  for immediate help.
 ...                                              
                                                  
l.1 \chapter*{–í–≤–µ–¥–µ
                        –Ω–∏–µ}
You may provide a definition with
\DeclareUnicodeCharacter 


! Package inputenc Error: Unicode character –Ω (U+043D)
(inputenc)                not set up for use with LaTeX.

See the inputenc package documentation for explanation.
Type  H <return>  for immediate help.
 ...                                              
                                                  
l.1 \chapter*{–í–≤–µ–¥–µ–Ω
                          –∏–µ}
You may provide a definition with
\DeclareUnicodeCharacter 


! Package inputenc Error: Unicode character –∏ (U+0438)
(inputenc)                not set up for use with LaTeX.

See the inputenc package documentation for explanation.
Type  H <return>  for immediate help.
 ...                                              
                                                  
l.1 \chapter*{–í–≤–µ–¥–µ–Ω–∏
                            –µ}
You may provide a definition with
\DeclareUnicodeCharacter 


! Package inputenc Error: Unicode character –µ (U+0435)
(inputenc)                not set up for use with LaTeX.

See the inputenc package documentation for explanation.
Type  H <return>  for immediate help.
 ...                                              
                                                  
l.1 \chapter*{–í–≤–µ–¥–µ–Ω–∏–µ
                              }
You may provide a definition with
\DeclareUnicodeCharacter 


Overfull \hbox (20.0pt too wide) in paragraph at lines 1--3
[]
 []


! Package inputenc Error: Unicode character –û (U+041E)
(inputenc)                not set up for use with LaTeX.

See the inputenc package documentation for explanation.
Type  H <return>  for immediate help.
 ...                                              
                                                  
l.4 –û
      –¥–Ω–∏–º–∏ –∏–∑ –æ–±–ª–∞—Å—Ç–µ–π –ø—Ä–∏–º–µ–Ω–µ–Ω–∏—è –∫–æ–º–ø—å—é—Ç–µ...

You may provide a definition with
\DeclareUnicodeCharacter 


! Package inputenc Error: Unicode character –¥ (U+0434)
(inputenc)                not set up for use with LaTeX.

See the inputenc package documentation for explanation.
Type  H <return>  for immediate help.
 ...                                              
                                                  
l.4 –û–¥
        –Ω–∏–º–∏ –∏–∑ –æ–±–ª–∞—Å—Ç–µ–π –ø—Ä–∏–º–µ–Ω–µ–Ω–∏—è –∫–æ–º–ø—å—é—Ç–µ...

You may provide a definition with
\DeclareUnicodeCharacter 


! Package inputenc Error: Unicode character –Ω (U+043D)
(inputenc)                not set up for use with LaTeX.

See the inputenc package documentation for explanation.
Type  H <return>  for immediate help.
 ...                                              
                                                  
l.4 –û–¥–Ω
          –∏–º–∏ –∏–∑ –æ–±–ª–∞—Å—Ç–µ–π –ø—Ä–∏–º–µ–Ω–µ–Ω–∏—è –∫–æ–º–ø—å—é—Ç–µ...

You may provide a definition with
\DeclareUnicodeCharacter 


! Package inputenc Error: Unicode character –∏ (U+0438)
(inputenc)                not set up for use with LaTeX.

See the inputenc package documentation for explanation.
Type  H <return>  for immediate help.
 ...                                              
                                                  
l.4 –û–¥–Ω–∏
            –º–∏ –∏–∑ –æ–±–ª–∞—Å—Ç–µ–π –ø—Ä–∏–º–µ–Ω–µ–Ω–∏—è –∫–æ–º–ø—å—é—Ç–µ...

You may provide a definition with
\DeclareUnicodeCharacter 


! Package inputenc Error: Unicode character –º (U+043C)
(inputenc)                not set up for use with LaTeX.

See the inputenc package documentation for explanation.
Type  H <return>  for immediate help.
 ...                                              
                                                  
l.4 –û–¥–Ω–∏–º
              –∏ –∏–∑ –æ–±–ª–∞—Å—Ç–µ–π –ø—Ä–∏–º–µ–Ω–µ–Ω–∏—è –∫–æ–º–ø—å—é—Ç–µ...

You may provide a definition with
\DeclareUnicodeCharacter 


! Package inputenc Error: Unicode character –∏ (U+0438)
(inputenc)                not set up for use with LaTeX.

See the inputenc package documentation for explanation.
Type  H <return>  for immediate help.
 ...                                              
                                                  
l.4 –û–¥–Ω–∏–º–∏
                 –∏–∑ –æ–±–ª–∞—Å—Ç–µ–π –ø—Ä–∏–º–µ–Ω–µ–Ω–∏—è –∫–æ–º–ø—å—é—Ç–µ...

You may provide a definition with
\DeclareUnicodeCharacter 


! Package inputenc Error: Unicode character –∏ (U+0438)
(inputenc)                not set up for use with LaTeX.

See the inputenc package documentation for explanation.
Type  H <return>  for immediate help.
 ...                                              
                                                  
l.4 –û–¥–Ω–∏–º–∏ –∏
                   –∑ –æ–±–ª–∞—Å—Ç–µ–π –ø—Ä–∏–º–µ–Ω–µ–Ω–∏—è –∫–æ–º–ø—å—é—Ç–µ...

You may provide a definition with
\DeclareUnicodeCharacter 


! Package inputenc Error: Unicode character –∑ (U+0437)
(inputenc)                not set up for use with LaTeX.

See the inputenc package documentation for explanation.
Type  H <return>  for immediate help.
 ...                                              
                                                  
l.4 –û–¥–Ω–∏–º–∏ –∏–∑
                      –æ–±–ª–∞—Å—Ç–µ–π –ø—Ä–∏–º–µ–Ω–µ–Ω–∏—è –∫–æ–º–ø—å—é—Ç–µ...

You may provide a definition with
\DeclareUnicodeCharacter 


! Package inputenc Error: Unicode character –æ (U+043E)
(inputenc)                not set up for use with LaTeX.

See the inputenc package documentation for explanation.
Type  H <return>  for immediate help.
 ...                                              
                                                  
l.4 –û–¥–Ω–∏–º–∏ –∏–∑ –æ
                        –±–ª–∞—Å—Ç–µ–π –ø—Ä–∏–º–µ–Ω–µ–Ω–∏—è –∫–æ–º–ø—å—é—Ç–µ...

You may provide a definition with
\DeclareUnicodeCharacter 


! Package inputenc Error: Unicode character –± (U+0431)
(inputenc)                not set up for use with LaTeX.

See the inputenc package documentation for explanation.
Type  H <return>  for immediate help.
 ...                                              
                                                  
l.4 –û–¥–Ω–∏–º–∏ –∏–∑ –æ–±
                          –ª–∞—Å—Ç–µ–π –ø—Ä–∏–º–µ–Ω–µ–Ω–∏—è –∫–æ–º–ø—å—é—Ç–µ...

You may provide a definition with
\DeclareUnicodeCharacter 


! Package inputenc Error: Unicode character –ª (U+043B)
(inputenc)                not set up for use with LaTeX.

See the inputenc package documentation for explanation.
Type  H <return>  for immediate help.
 ...                                              
                                                  
l.4 –û–¥–Ω–∏–º–∏ –∏–∑ –æ–±–ª
                            –∞—Å—Ç–µ–π –ø—Ä–∏–º–µ–Ω–µ–Ω–∏—è –∫–æ–º–ø—å—é—Ç–µ...

You may provide a definition with
\DeclareUnicodeCharacter 


! Package inputenc Error: Unicode character –∞ (U+0430)
(inputenc)                not set up for use with LaTeX.

See the inputenc package documentation for explanation.
Type  H <return>  for immediate help.
 ...                                              
                                                  
l.4 –û–¥–Ω–∏–º–∏ –∏–∑ –æ–±–ª–∞
                              —Å—Ç–µ–π –ø—Ä–∏–º–µ–Ω–µ–Ω–∏—è –∫–æ–º–ø—å—é—Ç–µ...

You may provide a definition with
\DeclareUnicodeCharacter 


! Package inputenc Error: Unicode character —Å (U+0441)
(inputenc)                not set up for use with LaTeX.

See the inputenc package documentation for explanation.
Type  H <return>  for immediate help.
 ...                                              
                                                  
l.4 –û–¥–Ω–∏–º–∏ –∏–∑ –æ–±–ª–∞—Å
                                —Ç–µ–π –ø—Ä–∏–º–µ–Ω–µ–Ω–∏—è –∫–æ–º–ø—å—é—Ç–µ...

You may provide a definition with
\DeclareUnicodeCharacter 


! Package inputenc Error: Unicode character —Ç (U+0442)
(inputenc)                not set up for use with LaTeX.

See the inputenc package documentation for explanation.
Type  H <return>  for immediate help.
 ...                                              
                                                  
l.4 –û–¥–Ω–∏–º–∏ –∏–∑ –æ–±–ª–∞—Å—Ç
                                  –µ–π –ø—Ä–∏–º–µ–Ω–µ–Ω–∏—è –∫–æ–º–ø—å—é—Ç–µ...

You may provide a definition with
\DeclareUnicodeCharacter 


! Package inputenc Error: Unicode character –µ (U+0435)
(inputenc)                not set up for use with LaTeX.

See the inputenc package documentation for explanation.
Type  H <return>  for immediate help.
 ...                                              
                                                  
l.4 –û–¥–Ω–∏–º–∏ –∏–∑ –æ–±–ª–∞—Å—Ç–µ
                                    –π –ø—Ä–∏–º–µ–Ω–µ–Ω–∏—è –∫–æ–º–ø—å—é—Ç–µ...

You may provide a definition with
\DeclareUnicodeCharacter 


! Package inputenc Error: Unicode character –π (U+0439)
(inputenc)                not set up for use with LaTeX.

See the inputenc package documentation for explanation.
Type  H <return>  for immediate help.
 ...                                              
                                                  
l.4 –û–¥–Ω–∏–º–∏ –∏–∑ –æ–±–ª–∞—Å—Ç–µ–π
                                       –ø—Ä–∏–º–µ–Ω–µ–Ω–∏—è –∫–æ–º–ø—å—é—Ç–µ...

You may provide a definition with
\DeclareUnicodeCharacter 


! Package inputenc Error: Unicode character –ø (U+043F)
(inputenc)                not set up for use with LaTeX.

See the inputenc package documentation for explanation.
Type  H <return>  for immediate help.
 ...                                              
                                                  
l.4 –û–¥–Ω–∏–º–∏ –∏–∑ –æ–±–ª–∞—Å—Ç–µ–π –ø
                                         —Ä–∏–º–µ–Ω–µ–Ω–∏—è –∫–æ–º–ø—å—é—Ç–µ...

You may provide a definition with
\DeclareUnicodeCharacter 


! Package inputenc Error: Unicode character —Ä (U+0440)
(inputenc)                not set up for use with LaTeX.

See the inputenc package documentation for explanation.
Type  H <return>  for immediate help.
 ...                                              
                                                  
l.4 –û–¥–Ω–∏–º–∏ –∏–∑ –æ–±–ª–∞—Å—Ç–µ–π –ø—Ä
                                           –∏–º–µ–Ω–µ–Ω–∏—è –∫–æ–º–ø—å—é—Ç–µ...

You may provide a definition with
\DeclareUnicodeCharacter 


! Package inputenc Error: Unicode character –∏ (U+0438)
(inputenc)                not set up for use with LaTeX.

See the inputenc package documentation for explanation.
Type  H <return>  for immediate help.
 ...                                              
                                                  
l.4 –û–¥–Ω–∏–º–∏ –∏–∑ –æ–±–ª–∞—Å—Ç–µ–π –ø—Ä–∏
                                             –º–µ–Ω–µ–Ω–∏—è –∫–æ–º–ø—å—é—Ç–µ...

You may provide a definition with
\DeclareUnicodeCharacter 


! Package inputenc Error: Unicode character –º (U+043C)
(inputenc)                not set up for use with LaTeX.

See the inputenc package documentation for explanation.
Type  H <return>  for immediate help.
 ...                                              
                                                  
l.4 –û–¥–Ω–∏–º–∏ –∏–∑ –æ–±–ª–∞—Å—Ç–µ–π –ø—Ä–∏–º
                                               –µ–Ω–µ–Ω–∏—è –∫–æ–º–ø—å—é—Ç–µ...

You may provide a definition with
\DeclareUnicodeCharacter 


! Package inputenc Error: Unicode character –µ (U+0435)
(inputenc)                not set up for use with LaTeX.

See the inputenc package documentation for explanation.
Type  H <return>  for immediate help.
 ...                                              
                                                  
l.4 –û–¥–Ω–∏–º–∏ –∏–∑ –æ–±–ª–∞—Å—Ç–µ–π –ø—Ä–∏–º–µ
                                                 –Ω–µ–Ω–∏—è –∫–æ–º–ø—å—é—Ç–µ...

You may provide a definition with
\DeclareUnicodeCharacter 


! Package inputenc Error: Unicode character –Ω (U+043D)
(inputenc)                not set up for use with LaTeX.

See the inputenc package documentation for explanation.
Type  H <return>  for immediate help.
 ...                                              
                                                  
l.4 ...–Ω–∏–º–∏ –∏–∑ –æ–±–ª–∞—Å—Ç–µ–π –ø—Ä–∏–º–µ–Ω
                                                  –µ–Ω–∏—è –∫–æ–º–ø—å—é—Ç–µ—...

You may provide a definition with
\DeclareUnicodeCharacter 


! Package inputenc Error: Unicode character –µ (U+0435)
(inputenc)                not set up for use with LaTeX.

See the inputenc package documentation for explanation.
Type  H <return>  for immediate help.
 ...                                              
                                                  
l.4 ...–∏–º–∏ –∏–∑ –æ–±–ª–∞—Å—Ç–µ–π –ø—Ä–∏–º–µ–Ω–µ
                                                  –Ω–∏—è –∫–æ–º–ø—å—é—Ç–µ—Ä–...

You may provide a definition with
\DeclareUnicodeCharacter 


! Package inputenc Error: Unicode character –Ω (U+043D)
(inputenc)                not set up for use with LaTeX.

See the inputenc package documentation for explanation.
Type  H <return>  for immediate help.
 ...                                              
                                                  
l.4 ...–º–∏ –∏–∑ –æ–±–ª–∞—Å—Ç–µ–π –ø—Ä–∏–º–µ–Ω–µ–Ω
                                                  –∏—è –∫–æ–º–ø—å—é—Ç–µ—Ä–Ω–...

You may provide a definition with
\DeclareUnicodeCharacter 


! Package inputenc Error: Unicode character –∏ (U+0438)
(inputenc)                not set up for use with LaTeX.

See the inputenc package documentation for explanation.
Type  H <return>  for immediate help.
 ...                                              
                                                  
l.4 ...–∏ –∏–∑ –æ–±–ª–∞—Å—Ç–µ–π –ø—Ä–∏–º–µ–Ω–µ–Ω–∏
                                                  —è –∫–æ–º–ø—å—é—Ç–µ—Ä–Ω–æ–...

You may provide a definition with
\DeclareUnicodeCharacter 


! Package inputenc Error: Unicode character —è (U+044F)
(inputenc)                not set up for use with LaTeX.

See the inputenc package documentation for explanation.
Type  H <return>  for immediate help.
 ...                                              
                                                  
l.4 ... –∏–∑ –æ–±–ª–∞—Å—Ç–µ–π –ø—Ä–∏–º–µ–Ω–µ–Ω–∏—è
                                                   –∫–æ–º–ø—å—é—Ç–µ—Ä–Ω–æ–π ...

You may provide a definition with
\DeclareUnicodeCharacter 


! Package inputenc Error: Unicode character –∫ (U+043A)
(inputenc)                not set up for use with LaTeX.

See the inputenc package documentation for explanation.
Type  H <return>  for immediate help.
 ...                                              
                                                  
l.4 ...–∑ –æ–±–ª–∞—Å—Ç–µ–π –ø—Ä–∏–º–µ–Ω–µ–Ω–∏—è –∫
                                                  –æ–º–ø—å—é—Ç–µ—Ä–Ω–æ–π –≥—...

You may provide a definition with
\DeclareUnicodeCharacter 


! Package inputenc Error: Unicode character –æ (U+043E)
(inputenc)                not set up for use with LaTeX.

See the inputenc package documentation for explanation.
Type  H <return>  for immediate help.
 ...                                              
                                                  
l.4 ... –æ–±–ª–∞—Å—Ç–µ–π –ø—Ä–∏–º–µ–Ω–µ–Ω–∏—è –∫–æ
                                                  –º–ø—å—é—Ç–µ—Ä–Ω–æ–π –≥—Ä–...

You may provide a definition with
\DeclareUnicodeCharacter 


! Package inputenc Error: Unicode character –º (U+043C)
(inputenc)                not set up for use with LaTeX.

See the inputenc package documentation for explanation.
Type  H <return>  for immediate help.
 ...                                              
                                                  
l.4 ...æ–±–ª–∞—Å—Ç–µ–π –ø—Ä–∏–º–µ–Ω–µ–Ω–∏—è –∫–æ–º
                                                  –ø—å—é—Ç–µ—Ä–Ω–æ–π –≥—Ä–∞—...

You may provide a definition with
\DeclareUnicodeCharacter 


! Package inputenc Error: Unicode character –ø (U+043F)
(inputenc)                not set up for use with LaTeX.

See the inputenc package documentation for explanation.
Type  H <return>  for immediate help.
 ...                                              
                                                  
l.4 ...±–ª–∞—Å—Ç–µ–π –ø—Ä–∏–º–µ–Ω–µ–Ω–∏—è –∫–æ–º–ø
                                                  —å—é—Ç–µ—Ä–Ω–æ–π –≥—Ä–∞—Ñ–...

You may provide a definition with
\DeclareUnicodeCharacter 


! Package inputenc Error: Unicode character —å (U+044C)
(inputenc)                not set up for use with LaTeX.

See the inputenc package documentation for explanation.
Type  H <return>  for immediate help.
 ...                                              
                                                  
l.4 ...ª–∞—Å—Ç–µ–π –ø—Ä–∏–º–µ–Ω–µ–Ω–∏—è –∫–æ–º–ø—å
                                                  —é—Ç–µ—Ä–Ω–æ–π –≥—Ä–∞—Ñ–∏–...

You may provide a definition with
\DeclareUnicodeCharacter 


! Package inputenc Error: Unicode character —é (U+044E)
(inputenc)                not set up for use with LaTeX.

See the inputenc package documentation for explanation.
Type  H <return>  for immediate help.
 ...                                              
                                                  
l.4 ...∞—Å—Ç–µ–π –ø—Ä–∏–º–µ–Ω–µ–Ω–∏—è –∫–æ–º–ø—å—é
                                                  —Ç–µ—Ä–Ω–æ–π –≥—Ä–∞—Ñ–∏–∫–...

You may provide a definition with
\DeclareUnicodeCharacter 


! Package inputenc Error: Unicode character —Ç (U+0442)
(inputenc)                not set up for use with LaTeX.

See the inputenc package documentation for explanation.
Type  H <return>  for immediate help.
 ...                                              
                                                  
l.4 ...Å—Ç–µ–π –ø—Ä–∏–º–µ–Ω–µ–Ω–∏—è –∫–æ–º–ø—å—é—Ç
                                                  –µ—Ä–Ω–æ–π –≥—Ä–∞—Ñ–∏–∫–∏ ...

You may provide a definition with
\DeclareUnicodeCharacter 


! Package inputenc Error: Unicode character –µ (U+0435)
(inputenc)                not set up for use with LaTeX.

See the inputenc package documentation for explanation.
Type  H <return>  for immediate help.
 ...                                              
                                                  
l.4 ...Ç–µ–π –ø—Ä–∏–º–µ–Ω–µ–Ω–∏—è –∫–æ–º–ø—å—é—Ç–µ
                                                  —Ä–Ω–æ–π –≥—Ä–∞—Ñ–∏–∫–∏ —è...

You may provide a definition with
\DeclareUnicodeCharacter 


! Package inputenc Error: Unicode character —Ä (U+0440)
(inputenc)                not set up for use with LaTeX.

See the inputenc package documentation for explanation.
Type  H <return>  for immediate help.
 ...                                              
                                                  
l.4 ...µ–π –ø—Ä–∏–º–µ–Ω–µ–Ω–∏—è –∫–æ–º–ø—å—é—Ç–µ—Ä
                                                  –Ω–æ–π –≥—Ä–∞—Ñ–∏–∫–∏ —è–≤...

You may provide a definition with
\DeclareUnicodeCharacter 


! Package inputenc Error: Unicode character –Ω (U+043D)
(inputenc)                not set up for use with LaTeX.

See the inputenc package documentation for explanation.
Type  H <return>  for immediate help.
 ...                                              
                                                  
l.4 ...π –ø—Ä–∏–º–µ–Ω–µ–Ω–∏—è –∫–æ–º–ø—å—é—Ç–µ—Ä–Ω
                                                  –æ–π –≥—Ä–∞—Ñ–∏–∫–∏ —è–≤–ª...

You may provide a definition with
\DeclareUnicodeCharacter 


! Package inputenc Error: Unicode character –æ (U+043E)
(inputenc)                not set up for use with LaTeX.

See the inputenc package documentation for explanation.
Type  H <return>  for immediate help.
 ...                                              
                                                  
l.4 ...–ø—Ä–∏–º–µ–Ω–µ–Ω–∏—è –∫–æ–º–ø—å—é—Ç–µ—Ä–Ω–æ
                                                  –π –≥—Ä–∞—Ñ–∏–∫–∏ —è–≤–ª—è...

You may provide a definition with
\DeclareUnicodeCharacter 


! Package inputenc Error: Unicode character –π (U+0439)
(inputenc)                not set up for use with LaTeX.

See the inputenc package documentation for explanation.
Type  H <return>  for immediate help.
 ...                                              
                                                  
l.4 ...—Ä–∏–º–µ–Ω–µ–Ω–∏—è –∫–æ–º–ø—å—é—Ç–µ—Ä–Ω–æ–π
                                                   –≥—Ä–∞—Ñ–∏–∫–∏ —è–≤–ª—è—é...

You may provide a definition with
\DeclareUnicodeCharacter 


! Package inputenc Error: Unicode character –≥ (U+0433)
(inputenc)                not set up for use with LaTeX.

See the inputenc package documentation for explanation.
Type  H <return>  for immediate help.
 ...                                              
                                                  
l.4 ...∏–º–µ–Ω–µ–Ω–∏—è –∫–æ–º–ø—å—é—Ç–µ—Ä–Ω–æ–π –≥
                                                  —Ä–∞—Ñ–∏–∫–∏ —è–≤–ª—è—é—Ç—...

You may provide a definition with
\DeclareUnicodeCharacter 


! Package inputenc Error: Unicode character —Ä (U+0440)
(inputenc)                not set up for use with LaTeX.

See the inputenc package documentation for explanation.
Type  H <return>  for immediate help.
 ...                                              
                                                  
l.4 ...º–µ–Ω–µ–Ω–∏—è –∫–æ–º–ø—å—é—Ç–µ—Ä–Ω–æ–π –≥—Ä
                                                  –∞—Ñ–∏–∫–∏ —è–≤–ª—è—é—Ç—Å—...

You may provide a definition with
\DeclareUnicodeCharacter 


! Package inputenc Error: Unicode character –∞ (U+0430)
(inputenc)                not set up for use with LaTeX.

See the inputenc package documentation for explanation.
Type  H <return>  for immediate help.
 ...                                              
                                                  
l.4 ...µ–Ω–µ–Ω–∏—è –∫–æ–º–ø—å—é—Ç–µ—Ä–Ω–æ–π –≥—Ä–∞
                                                  —Ñ–∏–∫–∏ —è–≤–ª—è—é—Ç—Å—è ...

You may provide a definition with
\DeclareUnicodeCharacter 


! Package inputenc Error: Unicode character —Ñ (U+0444)
(inputenc)                not set up for use with LaTeX.

See the inputenc package documentation for explanation.
Type  H <return>  for immediate help.
 ...                                              
                                                  
l.4 ...Ω–µ–Ω–∏—è –∫–æ–º–ø—å—é—Ç–µ—Ä–Ω–æ–π –≥—Ä–∞—Ñ
                                                  –∏–∫–∏ —è–≤–ª—è—é—Ç—Å—è  —...

You may provide a definition with
\DeclareUnicodeCharacter 


! Package inputenc Error: Unicode character –∏ (U+0438)
(inputenc)                not set up for use with LaTeX.

See the inputenc package documentation for explanation.
Type  H <return>  for immediate help.
 ...                                              
                                                  
l.4 ...µ–Ω–∏—è –∫–æ–º–ø—å—é—Ç–µ—Ä–Ω–æ–π –≥—Ä–∞—Ñ–∏
                                                  –∫–∏ —è–≤–ª—è—é—Ç—Å—è  —Ñ–...

You may provide a definition with
\DeclareUnicodeCharacter 


! Package inputenc Error: Unicode character –∫ (U+043A)
(inputenc)                not set up for use with LaTeX.

See the inputenc package documentation for explanation.
Type  H <return>  for immediate help.
 ...                                              
                                                  
l.4 ...Ω–∏—è –∫–æ–º–ø—å—é—Ç–µ—Ä–Ω–æ–π –≥—Ä–∞—Ñ–∏–∫
                                                  –∏ —è–≤–ª—è—é—Ç—Å—è  —Ñ–∏–...

You may provide a definition with
\DeclareUnicodeCharacter 


! Package inputenc Error: Unicode character –∏ (U+0438)
(inputenc)                not set up for use with LaTeX.

See the inputenc package documentation for explanation.
Type  H <return>  for immediate help.
 ...                                              
                                                  
l.4 ...∏—è –∫–æ–º–ø—å—é—Ç–µ—Ä–Ω–æ–π –≥—Ä–∞—Ñ–∏–∫–∏
                                                   —è–≤–ª—è—é—Ç—Å—è  —Ñ–∏–ª—...

You may provide a definition with
\DeclareUnicodeCharacter 


! Package inputenc Error: Unicode character —è (U+044F)
(inputenc)                not set up for use with LaTeX.

See the inputenc package documentation for explanation.
Type  H <return>  for immediate help.
 ...                                              
                                                  
l.4 ... –∫–æ–º–ø—å—é—Ç–µ—Ä–Ω–æ–π –≥—Ä–∞—Ñ–∏–∫–∏ —è
                                                  –≤–ª—è—é—Ç—Å—è  —Ñ–∏–ª—å–º...

You may provide a definition with
\DeclareUnicodeCharacter 


! Package inputenc Error: Unicode character –≤ (U+0432)
(inputenc)                not set up for use with LaTeX.

See the inputenc package documentation for explanation.
Type  H <return>  for immediate help.
 ...                                              
                                                  
l.4 ...∫–æ–º–ø—å—é—Ç–µ—Ä–Ω–æ–π –≥—Ä–∞—Ñ–∏–∫–∏ —è–≤
                                                  –ª—è—é—Ç—Å—è  —Ñ–∏–ª—å–º—ã...

You may provide a definition with
\DeclareUnicodeCharacter 


! Package inputenc Error: Unicode character –ª (U+043B)
(inputenc)                not set up for use with LaTeX.

See the inputenc package documentation for explanation.
Type  H <return>  for immediate help.
 ...                                              
                                                  
l.4 ...æ–º–ø—å—é—Ç–µ—Ä–Ω–æ–π –≥—Ä–∞—Ñ–∏–∫–∏ —è–≤–ª
                                                  —è—é—Ç—Å—è  —Ñ–∏–ª—å–º—ã –...

You may provide a definition with
\DeclareUnicodeCharacter 


! Package inputenc Error: Unicode character —è (U+044F)
(inputenc)                not set up for use with LaTeX.

See the inputenc package documentation for explanation.
Type  H <return>  for immediate help.
 ...                                              
                                                  
l.4 ...º–ø—å—é—Ç–µ—Ä–Ω–æ–π –≥—Ä–∞—Ñ–∏–∫–∏ —è–≤–ª—è
                                                  —é—Ç—Å—è  —Ñ–∏–ª—å–º—ã –∏ ...

You may provide a definition with
\DeclareUnicodeCharacter 


! Package inputenc Error: Unicode character —é (U+044E)
(inputenc)                not set up for use with LaTeX.

See the inputenc package documentation for explanation.
Type  H <return>  for immediate help.
 ...                                              
                                                  
l.4 ...ø—å—é—Ç–µ—Ä–Ω–æ–π –≥—Ä–∞—Ñ–∏–∫–∏ —è–≤–ª—è—é
                                                  —Ç—Å—è  —Ñ–∏–ª—å–º—ã –∏ –∫...

You may provide a definition with
\DeclareUnicodeCharacter 


! Package inputenc Error: Unicode character —Ç (U+0442)
(inputenc)                not set up for use with LaTeX.

See the inputenc package documentation for explanation.
Type  H <return>  for immediate help.
 ...                                              
                                                  
l.4 ...å—é—Ç–µ—Ä–Ω–æ–π –≥—Ä–∞—Ñ–∏–∫–∏ —è–≤–ª—è—é—Ç
                                                  —Å—è  —Ñ–∏–ª—å–º—ã –∏ –∫–æ...

You may provide a definition with
\DeclareUnicodeCharacter 


! Package inputenc Error: Unicode character —Å (U+0441)
(inputenc)                not set up for use with LaTeX.

See the inputenc package documentation for explanation.
Type  H <return>  for immediate help.
 ...                                              
                                                  
l.4 ...é—Ç–µ—Ä–Ω–æ–π –≥—Ä–∞—Ñ–∏–∫–∏ —è–≤–ª—è—é—Ç—Å
                                                  —è  —Ñ–∏–ª—å–º—ã –∏ –∫–æ–º...

You may provide a definition with
\DeclareUnicodeCharacter 


! Package inputenc Error: Unicode character —è (U+044F)
(inputenc)                not set up for use with LaTeX.

See the inputenc package documentation for explanation.
Type  H <return>  for immediate help.
 ...                                              
                                                  
l.4 ...Ç–µ—Ä–Ω–æ–π –≥—Ä–∞—Ñ–∏–∫–∏ —è–≤–ª—è—é—Ç—Å—è
                                                    —Ñ–∏–ª—å–º—ã –∏ –∫–æ–º–ø...

You may provide a definition with
\DeclareUnicodeCharacter 


! Package inputenc Error: Unicode character —Ñ (U+0444)
(inputenc)                not set up for use with LaTeX.

See the inputenc package documentation for explanation.
Type  H <return>  for immediate help.
 ...                                              
                                                  
l.4 ...Ä–Ω–æ–π –≥—Ä–∞—Ñ–∏–∫–∏ —è–≤–ª—è—é—Ç—Å—è  —Ñ
                                                  –∏–ª—å–º—ã –∏ –∫–æ–º–ø—å—é...

You may provide a definition with
\DeclareUnicodeCharacter 


! Package inputenc Error: Unicode character –∏ (U+0438)
(inputenc)                not set up for use with LaTeX.

See the inputenc package documentation for explanation.
Type  H <return>  for immediate help.
 ...                                              
                                                  
l.4 ...Ω–æ–π –≥—Ä–∞—Ñ–∏–∫–∏ —è–≤–ª—è—é—Ç—Å—è  —Ñ–∏
                                                  –ª—å–º—ã –∏ –∫–æ–º–ø—å—é—Ç...

You may provide a definition with
\DeclareUnicodeCharacter 


! Package inputenc Error: Unicode character –ª (U+043B)
(inputenc)                not set up for use with LaTeX.

See the inputenc package documentation for explanation.
Type  H <return>  for immediate help.
 ...                                              
                                                  
l.4 ...æ–π –≥—Ä–∞—Ñ–∏–∫–∏ —è–≤–ª—è—é—Ç—Å—è  —Ñ–∏–ª
                                                  —å–º—ã –∏ –∫–æ–º–ø—å—é—Ç–µ...

You may provide a definition with
\DeclareUnicodeCharacter 


! Package inputenc Error: Unicode character —å (U+044C)
(inputenc)                not set up for use with LaTeX.

See the inputenc package documentation for explanation.
Type  H <return>  for immediate help.
 ...                                              
                                                  
l.4 ...π –≥—Ä–∞—Ñ–∏–∫–∏ —è–≤–ª—è—é—Ç—Å—è  —Ñ–∏–ª—å
                                                  –º—ã –∏ –∫–æ–º–ø—å—é—Ç–µ—Ä...

You may provide a definition with
\DeclareUnicodeCharacter 


! Package inputenc Error: Unicode character –º (U+043C)
(inputenc)                not set up for use with LaTeX.

See the inputenc package documentation for explanation.
Type  H <return>  for immediate help.
 ...                                              
                                                  
l.4 ...–≥—Ä–∞—Ñ–∏–∫–∏ —è–≤–ª—è—é—Ç—Å—è  —Ñ–∏–ª—å–º
                                                  —ã –∏ –∫–æ–º–ø—å—é—Ç–µ—Ä–Ω...

You may provide a definition with
\DeclareUnicodeCharacter 


! Package inputenc Error: Unicode character —ã (U+044B)
(inputenc)                not set up for use with LaTeX.

See the inputenc package documentation for explanation.
Type  H <return>  for immediate help.
 ...                                              
                                                  
l.4 ...—Ä–∞—Ñ–∏–∫–∏ —è–≤–ª—è—é—Ç—Å—è  —Ñ–∏–ª—å–º—ã
                                                   –∏ –∫–æ–º–ø—å—é—Ç–µ—Ä–Ω—ã...

You may provide a definition with
\DeclareUnicodeCharacter 


! Package inputenc Error: Unicode character –∏ (U+0438)
(inputenc)                not set up for use with LaTeX.

See the inputenc package documentation for explanation.
Type  H <return>  for immediate help.
 ...                                              
                                                  
l.4 ...∞—Ñ–∏–∫–∏ —è–≤–ª—è—é—Ç—Å—è  —Ñ–∏–ª—å–º—ã –∏
                                                   –∫–æ–º–ø—å—é—Ç–µ—Ä–Ω—ã–µ ...

You may provide a definition with
\DeclareUnicodeCharacter 


! Package inputenc Error: Unicode character –∫ (U+043A)
(inputenc)                not set up for use with LaTeX.

See the inputenc package documentation for explanation.
Type  H <return>  for immediate help.
 ...                                              
                                                  
l.4 ...–∏–∫–∏ —è–≤–ª—è—é—Ç—Å—è  —Ñ–∏–ª—å–º—ã –∏ –∫
                                                  –æ–º–ø—å—é—Ç–µ—Ä–Ω—ã–µ –∏–...

You may provide a definition with
\DeclareUnicodeCharacter 


! Package inputenc Error: Unicode character –æ (U+043E)
(inputenc)                not set up for use with LaTeX.

See the inputenc package documentation for explanation.
Type  H <return>  for immediate help.
 ...                                              
                                                  
l.4 ...–∫–∏ —è–≤–ª—è—é—Ç—Å—è  —Ñ–∏–ª—å–º—ã –∏ –∫–æ
                                                  –º–ø—å—é—Ç–µ—Ä–Ω—ã–µ –∏–≥—...

You may provide a definition with
\DeclareUnicodeCharacter 


! Package inputenc Error: Unicode character –º (U+043C)
(inputenc)                not set up for use with LaTeX.

See the inputenc package documentation for explanation.
Type  H <return>  for immediate help.
 ...                                              
                                                  
l.4 ...–∏ —è–≤–ª—è—é—Ç—Å—è  —Ñ–∏–ª—å–º—ã –∏ –∫–æ–º
                                                  –ø—å—é—Ç–µ—Ä–Ω—ã–µ –∏–≥—Ä—...

You may provide a definition with
\DeclareUnicodeCharacter 


! Package inputenc Error: Unicode character –ø (U+043F)
(inputenc)                not set up for use with LaTeX.

See the inputenc package documentation for explanation.
Type  H <return>  for immediate help.
 ...                                              
                                                  
l.4 ... —è–≤–ª—è—é—Ç—Å—è  —Ñ–∏–ª—å–º—ã –∏ –∫–æ–º–ø
                                                  —å—é—Ç–µ—Ä–Ω—ã–µ –∏–≥—Ä—ã....

You may provide a definition with
\DeclareUnicodeCharacter 


! Package inputenc Error: Unicode character —å (U+044C)
(inputenc)                not set up for use with LaTeX.

See the inputenc package documentation for explanation.
Type  H <return>  for immediate help.
 ...                                              
                                                  
l.4 ...è–≤–ª—è—é—Ç—Å—è  —Ñ–∏–ª—å–º—ã –∏ –∫–æ–º–ø—å
                                                  —é—Ç–µ—Ä–Ω—ã–µ –∏–≥—Ä—ã. –...

You may provide a definition with
\DeclareUnicodeCharacter 


! Package inputenc Error: Unicode character —é (U+044E)
(inputenc)                not set up for use with LaTeX.

See the inputenc package documentation for explanation.
Type  H <return>  for immediate help.
 ...                                              
                                                  
l.4 ...≤–ª—è—é—Ç—Å—è  —Ñ–∏–ª—å–º—ã –∏ –∫–æ–º–ø—å—é
                                                  —Ç–µ—Ä–Ω—ã–µ –∏–≥—Ä—ã. –í ...

You may provide a definition with
\DeclareUnicodeCharacter 


! Package inputenc Error: Unicode character —Ç (U+0442)
(inputenc)                not set up for use with LaTeX.

See the inputenc package documentation for explanation.
Type  H <return>  for immediate help.
 ...                                              
                                                  
l.4 ...ª—è—é—Ç—Å—è  —Ñ–∏–ª—å–º—ã –∏ –∫–æ–º–ø—å—é—Ç
                                                  –µ—Ä–Ω—ã–µ –∏–≥—Ä—ã. –í –¥...

You may provide a definition with
\DeclareUnicodeCharacter 


! Package inputenc Error: Unicode character –µ (U+0435)
(inputenc)                not set up for use with LaTeX.

See the inputenc package documentation for explanation.
Type  H <return>  for immediate help.
 ...                                              
                                                  
l.4 ...è—é—Ç—Å—è  —Ñ–∏–ª—å–º—ã –∏ –∫–æ–º–ø—å—é—Ç–µ
                                                  —Ä–Ω—ã–µ –∏–≥—Ä—ã. –í –¥–∞...

You may provide a definition with
\DeclareUnicodeCharacter 


! Package inputenc Error: Unicode character —Ä (U+0440)
(inputenc)                not set up for use with LaTeX.

See the inputenc package documentation for explanation.
Type  H <return>  for immediate help.
 ...                                              
                                                  
l.4 ...é—Ç—Å—è  —Ñ–∏–ª—å–º—ã –∏ –∫–æ–º–ø—å—é—Ç–µ—Ä
                                                  –Ω—ã–µ –∏–≥—Ä—ã. –í –¥–∞–Ω...

You may provide a definition with
\DeclareUnicodeCharacter 


! Package inputenc Error: Unicode character –Ω (U+043D)
(inputenc)                not set up for use with LaTeX.

See the inputenc package documentation for explanation.
Type  H <return>  for immediate help.
 ...                                              
                                                  
l.4 ...Ç—Å—è  —Ñ–∏–ª—å–º—ã –∏ –∫–æ–º–ø—å—é—Ç–µ—Ä–Ω
                                                  —ã–µ –∏–≥—Ä—ã. –í –¥–∞–Ω–Ω...

You may provide a definition with
\DeclareUnicodeCharacter 


! Package inputenc Error: Unicode character —ã (U+044B)
(inputenc)                not set up for use with LaTeX.

See the inputenc package documentation for explanation.
Type  H <return>  for immediate help.
 ...                                              
                                                  
l.4 ...Å—è  —Ñ–∏–ª—å–º—ã –∏ –∫–æ–º–ø—å—é—Ç–µ—Ä–Ω—ã
                                                  –µ –∏–≥—Ä—ã. –í –¥–∞–Ω–Ω—ã...

You may provide a definition with
\DeclareUnicodeCharacter 


! Package inputenc Error: Unicode character –µ (U+0435)
(inputenc)                not set up for use with LaTeX.

See the inputenc package documentation for explanation.
Type  H <return>  for immediate help.
 ...                                              
                                                  
l.4 ...è  —Ñ–∏–ª—å–º—ã –∏ –∫–æ–º–ø—å—é—Ç–µ—Ä–Ω—ã–µ
                                                   –∏–≥—Ä—ã. –í –¥–∞–Ω–Ω—ã—Ö...

You may provide a definition with
\DeclareUnicodeCharacter 


! Package inputenc Error: Unicode character –∏ (U+0438)
(inputenc)                not set up for use with LaTeX.

See the inputenc package documentation for explanation.
Type  H <return>  for immediate help.
 ...                                              
                                                  
l.4 ...—Ñ–∏–ª—å–º—ã –∏ –∫–æ–º–ø—å—é—Ç–µ—Ä–Ω—ã–µ –∏
                                                  –≥—Ä—ã. –í –¥–∞–Ω–Ω—ã—Ö –æ...

You may provide a definition with
\DeclareUnicodeCharacter 


! Package inputenc Error: Unicode character –≥ (U+0433)
(inputenc)                not set up for use with LaTeX.

See the inputenc package documentation for explanation.
Type  H <return>  for immediate help.
 ...                                              
                                                  
l.4 ...–∏–ª—å–º—ã –∏ –∫–æ–º–ø—å—é—Ç–µ—Ä–Ω—ã–µ –∏–≥
                                                  —Ä—ã. –í –¥–∞–Ω–Ω—ã—Ö –æ—Ç...

You may provide a definition with
\DeclareUnicodeCharacter 


! Package inputenc Error: Unicode character —Ä (U+0440)
(inputenc)                not set up for use with LaTeX.

See the inputenc package documentation for explanation.
Type  H <return>  for immediate help.
 ...                                              
                                                  
l.4 ...–ª—å–º—ã –∏ –∫–æ–º–ø—å—é—Ç–µ—Ä–Ω—ã–µ –∏–≥—Ä
                                                  —ã. –í –¥–∞–Ω–Ω—ã—Ö –æ—Ç—Ä...

You may provide a definition with
\DeclareUnicodeCharacter 


! Package inputenc Error: Unicode character —ã (U+044B)
(inputenc)                not set up for use with LaTeX.

See the inputenc package documentation for explanation.
Type  H <return>  for immediate help.
 ...                                              
                                                  
l.4 ...—å–º—ã –∏ –∫–æ–º–ø—å—é—Ç–µ—Ä–Ω—ã–µ –∏–≥—Ä—ã
                                                  . –í –¥–∞–Ω–Ω—ã—Ö –æ—Ç—Ä–∞...

You may provide a definition with
\DeclareUnicodeCharacter 


! LaTeX Error: Missing \begin{document}.

See the LaTeX manual or LaTeX Companion for explanation.
Type  H <return>  for immediate help.
 ...                                              
                                                  
l.4 ...å–º—ã –∏ –∫–æ–º–ø—å—é—Ç–µ—Ä–Ω—ã–µ –∏–≥—Ä—ã.
                                                   –í –¥–∞–Ω–Ω—ã—Ö –æ—Ç—Ä–∞—...

You're in trouble here.  Try typing  <return>  to proceed.
If that doesn't work, type  X <return>  to quit.

Missing character: There is no . in font nullfont!

! Package inputenc Error: Unicode character –í (U+0412)
(inputenc)                not set up for use with LaTeX.

See the inputenc package documentation for explanation.
Type  H <return>  for immediate help.
 ...                                              
                                                  
l.4 ...—ã –∏ –∫–æ–º–ø—å—é—Ç–µ—Ä–Ω—ã–µ –∏–≥—Ä—ã. –í
                                                   –¥–∞–Ω–Ω—ã—Ö –æ—Ç—Ä–∞—Å–ª...

You may provide a definition with
\DeclareUnicodeCharacter 


! Package inputenc Error: Unicode character –¥ (U+0434)
(inputenc)                not set up for use with LaTeX.

See the inputenc package documentation for explanation.
Type  H <return>  for immediate help.
 ...                                              
                                                  
l.4 ...–∏ –∫–æ–º–ø—å—é—Ç–µ—Ä–Ω—ã–µ –∏–≥—Ä—ã. –í –¥
                                                  –∞–Ω–Ω—ã—Ö –æ—Ç—Ä–∞—Å–ª—è—...

You may provide a definition with
\DeclareUnicodeCharacter 


! Package inputenc Error: Unicode character –∞ (U+0430)
(inputenc)                not set up for use with LaTeX.

See the inputenc package documentation for explanation.
Type  H <return>  for immediate help.
 ...                                              
                                                  
l.4 ... –∫–æ–º–ø—å—é—Ç–µ—Ä–Ω—ã–µ –∏–≥—Ä—ã. –í –¥–∞
                                                  –Ω–Ω—ã—Ö –æ—Ç—Ä–∞—Å–ª—è—Ö ...

You may provide a definition with
\DeclareUnicodeCharacter 


! Package inputenc Error: Unicode character –Ω (U+043D)
(inputenc)                not set up for use with LaTeX.

See the inputenc package documentation for explanation.
Type  H <return>  for immediate help.
 ...                                              
                                                  
l.4 ...∫–æ–º–ø—å—é—Ç–µ—Ä–Ω—ã–µ –∏–≥—Ä—ã. –í –¥–∞–Ω
                                                  –Ω—ã—Ö –æ—Ç—Ä–∞—Å–ª—è—Ö –∫...

You may provide a definition with
\DeclareUnicodeCharacter 


! Package inputenc Error: Unicode character –Ω (U+043D)
(inputenc)                not set up for use with LaTeX.

See the inputenc package documentation for explanation.
Type  H <return>  for immediate help.
 ...                                              
                                                  
l.4 ...æ–º–ø—å—é—Ç–µ—Ä–Ω—ã–µ –∏–≥—Ä—ã. –í –¥–∞–Ω–Ω
                                                  —ã—Ö –æ—Ç—Ä–∞—Å–ª—è—Ö –∫–æ...

You may provide a definition with
\DeclareUnicodeCharacter 


! Package inputenc Error: Unicode character —ã (U+044B)
(inputenc)                not set up for use with LaTeX.

See the inputenc package documentation for explanation.
Type  H <return>  for immediate help.
 ...                                              
                                                  
l.4 ...º–ø—å—é—Ç–µ—Ä–Ω—ã–µ –∏–≥—Ä—ã. –í –¥–∞–Ω–Ω—ã
                                                  —Ö –æ—Ç—Ä–∞—Å–ª—è—Ö –∫–æ–º...

You may provide a definition with
\DeclareUnicodeCharacter 


! Package inputenc Error: Unicode character —Ö (U+0445)
(inputenc)                not set up for use with LaTeX.

See the inputenc package documentation for explanation.
Type  H <return>  for immediate help.
 ...                                              
                                                  
l.4 ...ø—å—é—Ç–µ—Ä–Ω—ã–µ –∏–≥—Ä—ã. –í –¥–∞–Ω–Ω—ã—Ö
                                                   –æ—Ç—Ä–∞—Å–ª—è—Ö –∫–æ–º–ø...

You may provide a definition with
\DeclareUnicodeCharacter 


! Package inputenc Error: Unicode character –æ (U+043E)
(inputenc)                not set up for use with LaTeX.

See the inputenc package documentation for explanation.
Type  H <return>  for immediate help.
 ...                                              
                                                  
l.4 ...—é—Ç–µ—Ä–Ω—ã–µ –∏–≥—Ä—ã. –í –¥–∞–Ω–Ω—ã—Ö –æ
                                                  —Ç—Ä–∞—Å–ª—è—Ö –∫–æ–º–ø—å—...

You may provide a definition with
\DeclareUnicodeCharacter 


! Package inputenc Error: Unicode character —Ç (U+0442)
(inputenc)                not set up for use with LaTeX.

See the inputenc package documentation for explanation.
Type  H <return>  for immediate help.
 ...                                              
                                                  
l.4 ...—Ç–µ—Ä–Ω—ã–µ –∏–≥—Ä—ã. –í –¥–∞–Ω–Ω—ã—Ö –æ—Ç
                                                  —Ä–∞—Å–ª—è—Ö –∫–æ–º–ø—å—é—...

You may provide a definition with
\DeclareUnicodeCharacter 


! Package inputenc Error: Unicode character —Ä (U+0440)
(inputenc)                not set up for use with LaTeX.

See the inputenc package documentation for explanation.
Type  H <return>  for immediate help.
 ...                                              
                                                  
l.4 ...–µ—Ä–Ω—ã–µ –∏–≥—Ä—ã. –í –¥–∞–Ω–Ω—ã—Ö –æ—Ç—Ä
                                                  –∞—Å–ª—è—Ö –∫–æ–º–ø—å—é—Ç–...

You may provide a definition with
\DeclareUnicodeCharacter 


! Package inputenc Error: Unicode character –∞ (U+0430)
(inputenc)                not set up for use with LaTeX.

See the inputenc package documentation for explanation.
Type  H <return>  for immediate help.
 ...                                              
                                                  
l.4 ...—Ä–Ω—ã–µ –∏–≥—Ä—ã. –í –¥–∞–Ω–Ω—ã—Ö –æ—Ç—Ä–∞
                                                  —Å–ª—è—Ö –∫–æ–º–ø—å—é—Ç–µ—...

You may provide a definition with
\DeclareUnicodeCharacter 


! Package inputenc Error: Unicode character —Å (U+0441)
(inputenc)                not set up for use with LaTeX.

See the inputenc package documentation for explanation.
Type  H <return>  for immediate help.
 ...                                              
                                                  
l.4 ...–Ω—ã–µ –∏–≥—Ä—ã. –í –¥–∞–Ω–Ω—ã—Ö –æ—Ç—Ä–∞—Å
                                                  –ª—è—Ö –∫–æ–º–ø—å—é—Ç–µ—Ä–...

You may provide a definition with
\DeclareUnicodeCharacter 


! Package inputenc Error: Unicode character –ª (U+043B)
(inputenc)                not set up for use with LaTeX.

See the inputenc package documentation for explanation.
Type  H <return>  for immediate help.
 ...                                              
                                                  
l.4 ...—ã–µ –∏–≥—Ä—ã. –í –¥–∞–Ω–Ω—ã—Ö –æ—Ç—Ä–∞—Å–ª
                                                  —è—Ö –∫–æ–º–ø—å—é—Ç–µ—Ä–Ω–...

You may provide a definition with
\DeclareUnicodeCharacter 


! Package inputenc Error: Unicode character —è (U+044F)
(inputenc)                not set up for use with LaTeX.

See the inputenc package documentation for explanation.
Type  H <return>  for immediate help.
 ...                                              
                                                  
l.4 ...–µ –∏–≥—Ä—ã. –í –¥–∞–Ω–Ω—ã—Ö –æ—Ç—Ä–∞—Å–ª—è
                                                  —Ö –∫–æ–º–ø—å—é—Ç–µ—Ä–Ω–∞—...

You may provide a definition with
\DeclareUnicodeCharacter 


! Package inputenc Error: Unicode character —Ö (U+0445)
(inputenc)                not set up for use with LaTeX.

See the inputenc package documentation for explanation.
Type  H <return>  for immediate help.
 ...                                              
                                                  
l.4 ... –∏–≥—Ä—ã. –í –¥–∞–Ω–Ω—ã—Ö –æ—Ç—Ä–∞—Å–ª—è—Ö
                                                   –∫–æ–º–ø—å—é—Ç–µ—Ä–Ω–∞—è ...

You may provide a definition with
\DeclareUnicodeCharacter 


! Package inputenc Error: Unicode character –∫ (U+043A)
(inputenc)                not set up for use with LaTeX.

See the inputenc package documentation for explanation.
Type  H <return>  for immediate help.
 ...                                              
                                                  
l.4 ...–≥—Ä—ã. –í –¥–∞–Ω–Ω—ã—Ö –æ—Ç—Ä–∞—Å–ª—è—Ö –∫
                                                  –æ–º–ø—å—é—Ç–µ—Ä–Ω–∞—è –≥—...

You may provide a definition with
\DeclareUnicodeCharacter 


! Package inputenc Error: Unicode character –æ (U+043E)
(inputenc)                not set up for use with LaTeX.

See the inputenc package documentation for explanation.
Type  H <return>  for immediate help.
 ...                                              
                                                  
l.4 ...—Ä—ã. –í –¥–∞–Ω–Ω—ã—Ö –æ—Ç—Ä–∞—Å–ª—è—Ö –∫–æ
                                                  –º–ø—å—é—Ç–µ—Ä–Ω–∞—è –≥—Ä–...

You may provide a definition with
\DeclareUnicodeCharacter 


! Package inputenc Error: Unicode character –º (U+043C)
(inputenc)                not set up for use with LaTeX.

See the inputenc package documentation for explanation.
Type  H <return>  for immediate help.
 ...                                              
                                                  
l.4 ...—ã. –í –¥–∞–Ω–Ω—ã—Ö –æ—Ç—Ä–∞—Å–ª—è—Ö –∫–æ–º
                                                  –ø—å—é—Ç–µ—Ä–Ω–∞—è –≥—Ä–∞—...

You may provide a definition with
\DeclareUnicodeCharacter 


! Package inputenc Error: Unicode character –ø (U+043F)
(inputenc)                not set up for use with LaTeX.

See the inputenc package documentation for explanation.
Type  H <return>  for immediate help.
 ...                                              
                                                  
l.4 .... –í –¥–∞–Ω–Ω—ã—Ö –æ—Ç—Ä–∞—Å–ª—è—Ö –∫–æ–º–ø
                                                  —å—é—Ç–µ—Ä–Ω–∞—è –≥—Ä–∞—Ñ–...

You may provide a definition with
\DeclareUnicodeCharacter 


! Package inputenc Error: Unicode character —å (U+044C)
(inputenc)                not set up for use with LaTeX.

See the inputenc package documentation for explanation.
Type  H <return>  for immediate help.
 ...                                              
                                                  
l.4 ...–í –¥–∞–Ω–Ω—ã—Ö –æ—Ç—Ä–∞—Å–ª—è—Ö –∫–æ–º–ø—å
                                                  —é—Ç–µ—Ä–Ω–∞—è –≥—Ä–∞—Ñ–∏–...

You may provide a definition with
\DeclareUnicodeCharacter 


! Package inputenc Error: Unicode character —é (U+044E)
(inputenc)                not set up for use with LaTeX.

See the inputenc package documentation for explanation.
Type  H <return>  for immediate help.
 ...                                              
                                                  
l.4 ... –¥–∞–Ω–Ω—ã—Ö –æ—Ç—Ä–∞—Å–ª—è—Ö –∫–æ–º–ø—å—é
                                                  —Ç–µ—Ä–Ω–∞—è –≥—Ä–∞—Ñ–∏–∫–...

You may provide a definition with
\DeclareUnicodeCharacter 


! Package inputenc Error: Unicode character —Ç (U+0442)
(inputenc)                not set up for use with LaTeX.

See the inputenc package documentation for explanation.
Type  H <return>  for immediate help.
 ...                                              
                                                  
l.4 ...¥–∞–Ω–Ω—ã—Ö –æ—Ç—Ä–∞—Å–ª—è—Ö –∫–æ–º–ø—å—é—Ç
                                                  –µ—Ä–Ω–∞—è –≥—Ä–∞—Ñ–∏–∫–∞ ...

You may provide a definition with
\DeclareUnicodeCharacter 


! Package inputenc Error: Unicode character –µ (U+0435)
(inputenc)                not set up for use with LaTeX.

See the inputenc package documentation for explanation.
Type  H <return>  for immediate help.
 ...                                              
                                                  
l.4 ...∞–Ω–Ω—ã—Ö –æ—Ç—Ä–∞—Å–ª—è—Ö –∫–æ–º–ø—å—é—Ç–µ
                                                  —Ä–Ω–∞—è –≥—Ä–∞—Ñ–∏–∫–∞ —Ä...
(That makes 100 errors; please try again.) 
Here is how much of TeX's memory you used:
 43 strings out of 482080
 743 string characters out of 5941728
 233878 words of memory out of 5000000
 15206 multiletter control sequences out of 15000+600000
 532338 words of font info for 24 fonts, out of 8000000 for 9000
 766 hyphenation exceptions out of 8191
 12i,0n,15p,805b,22s stack positions out of 5000i,500n,10000p,200000b,80000s

!  ==> Fatal error occurred, no output PDF file produced!
