This is pdfTeX, Version 3.14159265-2.6-1.40.20 (TeX Live 2019/Debian) (preloaded format=pdflatex 2021.9.5)  2 FEB 2022 21:40
entering extended mode
 restricted \write18 enabled.
 %&-line parsing enabled.
**methods.tex
(./methods.tex
LaTeX2e <2020-02-02> patch level 2
L3 programming layer <2020-02-14>
! Undefined control sequence.
l.1 \chapter
            {–ö–ª–∞—Å—Å–∏—Ñ–∏–∫–∞—Ü–∏—è —Å—É—â–µ—Å—Ç–≤—É—é—â–∏—Ö –º–µ—Ç–æ–¥–...
The control sequence at the end of the top line
of your error message was never \def'ed. If you have
misspelled it (e.g., `\hobx'), type `I' and the correct
spelling (e.g., `I\hbox'). Otherwise just continue,
and I'll forget about whatever was undefined.


! Package inputenc Error: Unicode character –ö (U+041A)
(inputenc)                not set up for use with LaTeX.

See the inputenc package documentation for explanation.
Type  H <return>  for immediate help.
 ...                                              
                                                  
l.1 \chapter{–ö
               –ª–∞—Å—Å–∏—Ñ–∏–∫–∞—Ü–∏—è —Å—É—â–µ—Å—Ç–≤—É—é—â–∏—Ö –º–µ—Ç–æ–¥–...

You may provide a definition with
\DeclareUnicodeCharacter 


! Package inputenc Error: Unicode character –ª (U+043B)
(inputenc)                not set up for use with LaTeX.

See the inputenc package documentation for explanation.
Type  H <return>  for immediate help.
 ...                                              
                                                  
l.1 \chapter{–ö–ª
                 –∞—Å—Å–∏—Ñ–∏–∫–∞—Ü–∏—è —Å—É—â–µ—Å—Ç–≤—É—é—â–∏—Ö –º–µ—Ç–æ–¥–...

You may provide a definition with
\DeclareUnicodeCharacter 


! Package inputenc Error: Unicode character –∞ (U+0430)
(inputenc)                not set up for use with LaTeX.

See the inputenc package documentation for explanation.
Type  H <return>  for immediate help.
 ...                                              
                                                  
l.1 \chapter{–ö–ª–∞
                   —Å—Å–∏—Ñ–∏–∫–∞—Ü–∏—è —Å—É—â–µ—Å—Ç–≤—É—é—â–∏—Ö –º–µ—Ç–æ–¥–...

You may provide a definition with
\DeclareUnicodeCharacter 


! Package inputenc Error: Unicode character —Å (U+0441)
(inputenc)                not set up for use with LaTeX.

See the inputenc package documentation for explanation.
Type  H <return>  for immediate help.
 ...                                              
                                                  
l.1 \chapter{–ö–ª–∞—Å
                     —Å–∏—Ñ–∏–∫–∞—Ü–∏—è —Å—É—â–µ—Å—Ç–≤—É—é—â–∏—Ö –º–µ—Ç–æ–¥–...

You may provide a definition with
\DeclareUnicodeCharacter 


! Package inputenc Error: Unicode character —Å (U+0441)
(inputenc)                not set up for use with LaTeX.

See the inputenc package documentation for explanation.
Type  H <return>  for immediate help.
 ...                                              
                                                  
l.1 \chapter{–ö–ª–∞—Å—Å
                       –∏—Ñ–∏–∫–∞—Ü–∏—è —Å—É—â–µ—Å—Ç–≤—É—é—â–∏—Ö –º–µ—Ç–æ–¥–...

You may provide a definition with
\DeclareUnicodeCharacter 


! Package inputenc Error: Unicode character –∏ (U+0438)
(inputenc)                not set up for use with LaTeX.

See the inputenc package documentation for explanation.
Type  H <return>  for immediate help.
 ...                                              
                                                  
l.1 \chapter{–ö–ª–∞—Å—Å–∏
                         —Ñ–∏–∫–∞—Ü–∏—è —Å—É—â–µ—Å—Ç–≤—É—é—â–∏—Ö –º–µ—Ç–æ–¥–...

You may provide a definition with
\DeclareUnicodeCharacter 


! Package inputenc Error: Unicode character —Ñ (U+0444)
(inputenc)                not set up for use with LaTeX.

See the inputenc package documentation for explanation.
Type  H <return>  for immediate help.
 ...                                              
                                                  
l.1 \chapter{–ö–ª–∞—Å—Å–∏—Ñ
                           –∏–∫–∞—Ü–∏—è —Å—É—â–µ—Å—Ç–≤—É—é—â–∏—Ö –º–µ—Ç–æ–¥–...

You may provide a definition with
\DeclareUnicodeCharacter 


! Package inputenc Error: Unicode character –∏ (U+0438)
(inputenc)                not set up for use with LaTeX.

See the inputenc package documentation for explanation.
Type  H <return>  for immediate help.
 ...                                              
                                                  
l.1 \chapter{–ö–ª–∞—Å—Å–∏—Ñ–∏
                             –∫–∞—Ü–∏—è —Å—É—â–µ—Å—Ç–≤—É—é—â–∏—Ö –º–µ—Ç–æ–¥–...

You may provide a definition with
\DeclareUnicodeCharacter 


! Package inputenc Error: Unicode character –∫ (U+043A)
(inputenc)                not set up for use with LaTeX.

See the inputenc package documentation for explanation.
Type  H <return>  for immediate help.
 ...                                              
                                                  
l.1 \chapter{–ö–ª–∞—Å—Å–∏—Ñ–∏–∫
                               –∞—Ü–∏—è —Å—É—â–µ—Å—Ç–≤—É—é—â–∏—Ö –º–µ—Ç–æ–¥–...

You may provide a definition with
\DeclareUnicodeCharacter 


! Package inputenc Error: Unicode character –∞ (U+0430)
(inputenc)                not set up for use with LaTeX.

See the inputenc package documentation for explanation.
Type  H <return>  for immediate help.
 ...                                              
                                                  
l.1 \chapter{–ö–ª–∞—Å—Å–∏—Ñ–∏–∫–∞
                                 —Ü–∏—è —Å—É—â–µ—Å—Ç–≤—É—é—â–∏—Ö –º–µ—Ç–æ–¥–...

You may provide a definition with
\DeclareUnicodeCharacter 


! Package inputenc Error: Unicode character —Ü (U+0446)
(inputenc)                not set up for use with LaTeX.

See the inputenc package documentation for explanation.
Type  H <return>  for immediate help.
 ...                                              
                                                  
l.1 \chapter{–ö–ª–∞—Å—Å–∏—Ñ–∏–∫–∞—Ü
                                   –∏—è —Å—É—â–µ—Å—Ç–≤—É—é—â–∏—Ö –º–µ—Ç–æ–¥–...

You may provide a definition with
\DeclareUnicodeCharacter 


! Package inputenc Error: Unicode character –∏ (U+0438)
(inputenc)                not set up for use with LaTeX.

See the inputenc package documentation for explanation.
Type  H <return>  for immediate help.
 ...                                              
                                                  
l.1 \chapter{–ö–ª–∞—Å—Å–∏—Ñ–∏–∫–∞—Ü–∏
                                     —è —Å—É—â–µ—Å—Ç–≤—É—é—â–∏—Ö –º–µ—Ç–æ–¥–...

You may provide a definition with
\DeclareUnicodeCharacter 


! Package inputenc Error: Unicode character —è (U+044F)
(inputenc)                not set up for use with LaTeX.

See the inputenc package documentation for explanation.
Type  H <return>  for immediate help.
 ...                                              
                                                  
l.1 \chapter{–ö–ª–∞—Å—Å–∏—Ñ–∏–∫–∞—Ü–∏—è
                                        —Å—É—â–µ—Å—Ç–≤—É—é—â–∏—Ö –º–µ—Ç–æ–¥–...

You may provide a definition with
\DeclareUnicodeCharacter 


! Package inputenc Error: Unicode character —Å (U+0441)
(inputenc)                not set up for use with LaTeX.

See the inputenc package documentation for explanation.
Type  H <return>  for immediate help.
 ...                                              
                                                  
l.1 \chapter{–ö–ª–∞—Å—Å–∏—Ñ–∏–∫–∞—Ü–∏—è —Å
                                          —É—â–µ—Å—Ç–≤—É—é—â–∏—Ö –º–µ—Ç–æ–¥–...

You may provide a definition with
\DeclareUnicodeCharacter 


! Package inputenc Error: Unicode character —É (U+0443)
(inputenc)                not set up for use with LaTeX.

See the inputenc package documentation for explanation.
Type  H <return>  for immediate help.
 ...                                              
                                                  
l.1 \chapter{–ö–ª–∞—Å—Å–∏—Ñ–∏–∫–∞—Ü–∏—è —Å—É
                                            —â–µ—Å—Ç–≤—É—é—â–∏—Ö –º–µ—Ç–æ–¥–...

You may provide a definition with
\DeclareUnicodeCharacter 


! Package inputenc Error: Unicode character —â (U+0449)
(inputenc)                not set up for use with LaTeX.

See the inputenc package documentation for explanation.
Type  H <return>  for immediate help.
 ...                                              
                                                  
l.1 \chapter{–ö–ª–∞—Å—Å–∏—Ñ–∏–∫–∞—Ü–∏—è —Å—É—â
                                              –µ—Å—Ç–≤—É—é—â–∏—Ö –º–µ—Ç–æ–¥–...

You may provide a definition with
\DeclareUnicodeCharacter 


! Package inputenc Error: Unicode character –µ (U+0435)
(inputenc)                not set up for use with LaTeX.

See the inputenc package documentation for explanation.
Type  H <return>  for immediate help.
 ...                                              
                                                  
l.1 \chapter{–ö–ª–∞—Å—Å–∏—Ñ–∏–∫–∞—Ü–∏—è —Å—É—â–µ
                                                —Å—Ç–≤—É—é—â–∏—Ö –º–µ—Ç–æ–¥–...

You may provide a definition with
\DeclareUnicodeCharacter 


! Package inputenc Error: Unicode character —Å (U+0441)
(inputenc)                not set up for use with LaTeX.

See the inputenc package documentation for explanation.
Type  H <return>  for immediate help.
 ...                                              
                                                  
l.1 \chapter{–ö–ª–∞—Å—Å–∏—Ñ–∏–∫–∞—Ü–∏—è —Å—É—â–µ—Å
                                                  —Ç–≤—É—é—â–∏—Ö –º–µ—Ç–æ–¥–...

You may provide a definition with
\DeclareUnicodeCharacter 


! Package inputenc Error: Unicode character —Ç (U+0442)
(inputenc)                not set up for use with LaTeX.

See the inputenc package documentation for explanation.
Type  H <return>  for immediate help.
 ...                                              
                                                  
l.1 ...ter{–ö–ª–∞—Å—Å–∏—Ñ–∏–∫–∞—Ü–∏—è —Å—É—â–µ—Å—Ç
                                                  –≤—É—é—â–∏—Ö –º–µ—Ç–æ–¥–æ–...

You may provide a definition with
\DeclareUnicodeCharacter 


! Package inputenc Error: Unicode character –≤ (U+0432)
(inputenc)                not set up for use with LaTeX.

See the inputenc package documentation for explanation.
Type  H <return>  for immediate help.
 ...                                              
                                                  
l.1 ...r{–ö–ª–∞—Å—Å–∏—Ñ–∏–∫–∞—Ü–∏—è —Å—É—â–µ—Å—Ç–≤
                                                  —É—é—â–∏—Ö –º–µ—Ç–æ–¥–æ–≤ ...

You may provide a definition with
\DeclareUnicodeCharacter 


! Package inputenc Error: Unicode character —É (U+0443)
(inputenc)                not set up for use with LaTeX.

See the inputenc package documentation for explanation.
Type  H <return>  for immediate help.
 ...                                              
                                                  
l.1 ...–ö–ª–∞—Å—Å–∏—Ñ–∏–∫–∞—Ü–∏—è —Å—É—â–µ—Å—Ç–≤—É
                                                  —é—â–∏—Ö –º–µ—Ç–æ–¥–æ–≤ —Ä...

You may provide a definition with
\DeclareUnicodeCharacter 


! Package inputenc Error: Unicode character —é (U+044E)
(inputenc)                not set up for use with LaTeX.

See the inputenc package documentation for explanation.
Type  H <return>  for immediate help.
 ...                                              
                                                  
l.1 ...–ª–∞—Å—Å–∏—Ñ–∏–∫–∞—Ü–∏—è —Å—É—â–µ—Å—Ç–≤—É—é
                                                  —â–∏—Ö –º–µ—Ç–æ–¥–æ–≤ —Ä–µ...

You may provide a definition with
\DeclareUnicodeCharacter 


! Package inputenc Error: Unicode character —â (U+0449)
(inputenc)                not set up for use with LaTeX.

See the inputenc package documentation for explanation.
Type  H <return>  for immediate help.
 ...                                              
                                                  
l.1 ...–∞—Å—Å–∏—Ñ–∏–∫–∞—Ü–∏—è —Å—É—â–µ—Å—Ç–≤—É—é—â
                                                  –∏—Ö –º–µ—Ç–æ–¥–æ–≤ —Ä–µ—à...

You may provide a definition with
\DeclareUnicodeCharacter 


! Package inputenc Error: Unicode character –∏ (U+0438)
(inputenc)                not set up for use with LaTeX.

See the inputenc package documentation for explanation.
Type  H <return>  for immediate help.
 ...                                              
                                                  
l.1 ...—Å—Å–∏—Ñ–∏–∫–∞—Ü–∏—è —Å—É—â–µ—Å—Ç–≤—É—é—â–∏
                                                  —Ö –º–µ—Ç–æ–¥–æ–≤ —Ä–µ—à–µ...

You may provide a definition with
\DeclareUnicodeCharacter 


! Package inputenc Error: Unicode character —Ö (U+0445)
(inputenc)                not set up for use with LaTeX.

See the inputenc package documentation for explanation.
Type  H <return>  for immediate help.
 ...                                              
                                                  
l.1 ...—Å–∏—Ñ–∏–∫–∞—Ü–∏—è —Å—É—â–µ—Å—Ç–≤—É—é—â–∏—Ö
                                                   –º–µ—Ç–æ–¥–æ–≤ —Ä–µ—à–µ–Ω...

You may provide a definition with
\DeclareUnicodeCharacter 


! Package inputenc Error: Unicode character –º (U+043C)
(inputenc)                not set up for use with LaTeX.

See the inputenc package documentation for explanation.
Type  H <return>  for immediate help.
 ...                                              
                                                  
l.1 ...∏—Ñ–∏–∫–∞—Ü–∏—è —Å—É—â–µ—Å—Ç–≤—É—é—â–∏—Ö –º
                                                  –µ—Ç–æ–¥–æ–≤ —Ä–µ—à–µ–Ω–∏—è}
You may provide a definition with
\DeclareUnicodeCharacter 


! Package inputenc Error: Unicode character –µ (U+0435)
(inputenc)                not set up for use with LaTeX.

See the inputenc package documentation for explanation.
Type  H <return>  for immediate help.
 ...                                              
                                                  
l.1 ...Ñ–∏–∫–∞—Ü–∏—è —Å—É—â–µ—Å—Ç–≤—É—é—â–∏—Ö –º–µ
                                                  —Ç–æ–¥–æ–≤ —Ä–µ—à–µ–Ω–∏—è}
You may provide a definition with
\DeclareUnicodeCharacter 


! Package inputenc Error: Unicode character —Ç (U+0442)
(inputenc)                not set up for use with LaTeX.

See the inputenc package documentation for explanation.
Type  H <return>  for immediate help.
 ...                                              
                                                  
l.1 ...∏–∫–∞—Ü–∏—è —Å—É—â–µ—Å—Ç–≤—É—é—â–∏—Ö –º–µ—Ç
                                                  –æ–¥–æ–≤ —Ä–µ—à–µ–Ω–∏—è}
You may provide a definition with
\DeclareUnicodeCharacter 


! Package inputenc Error: Unicode character –æ (U+043E)
(inputenc)                not set up for use with LaTeX.

See the inputenc package documentation for explanation.
Type  H <return>  for immediate help.
 ...                                              
                                                  
l.1 ...∫–∞—Ü–∏—è —Å—É—â–µ—Å—Ç–≤—É—é—â–∏—Ö –º–µ—Ç–æ
                                                  –¥–æ–≤ —Ä–µ—à–µ–Ω–∏—è}
You may provide a definition with
\DeclareUnicodeCharacter 


! Package inputenc Error: Unicode character –¥ (U+0434)
(inputenc)                not set up for use with LaTeX.

See the inputenc package documentation for explanation.
Type  H <return>  for immediate help.
 ...                                              
                                                  
l.1 ...∞—Ü–∏—è —Å—É—â–µ—Å—Ç–≤—É—é—â–∏—Ö –º–µ—Ç–æ–¥
                                                  –æ–≤ —Ä–µ—à–µ–Ω–∏—è}
You may provide a definition with
\DeclareUnicodeCharacter 


! Package inputenc Error: Unicode character –æ (U+043E)
(inputenc)                not set up for use with LaTeX.

See the inputenc package documentation for explanation.
Type  H <return>  for immediate help.
 ...                                              
                                                  
l.1 ...Ü–∏—è —Å—É—â–µ—Å—Ç–≤—É—é—â–∏—Ö –º–µ—Ç–æ–¥–æ
                                                  –≤ —Ä–µ—à–µ–Ω–∏—è}
You may provide a definition with
\DeclareUnicodeCharacter 


! Package inputenc Error: Unicode character –≤ (U+0432)
(inputenc)                not set up for use with LaTeX.

See the inputenc package documentation for explanation.
Type  H <return>  for immediate help.
 ...                                              
                                                  
l.1 ...∏—è —Å—É—â–µ—Å—Ç–≤—É—é—â–∏—Ö –º–µ—Ç–æ–¥–æ–≤
                                                   —Ä–µ—à–µ–Ω–∏—è}
You may provide a definition with
\DeclareUnicodeCharacter 


! Package inputenc Error: Unicode character —Ä (U+0440)
(inputenc)                not set up for use with LaTeX.

See the inputenc package documentation for explanation.
Type  H <return>  for immediate help.
 ...                                              
                                                  
l.1 ... —Å—É—â–µ—Å—Ç–≤—É—é—â–∏—Ö –º–µ—Ç–æ–¥–æ–≤ —Ä
                                                  –µ—à–µ–Ω–∏—è}
You may provide a definition with
\DeclareUnicodeCharacter 


! Package inputenc Error: Unicode character –µ (U+0435)
(inputenc)                not set up for use with LaTeX.

See the inputenc package documentation for explanation.
Type  H <return>  for immediate help.
 ...                                              
                                                  
l.1 ...Å—É—â–µ—Å—Ç–≤—É—é—â–∏—Ö –º–µ—Ç–æ–¥–æ–≤ —Ä–µ
                                                  —à–µ–Ω–∏—è}
You may provide a definition with
\DeclareUnicodeCharacter 


! Package inputenc Error: Unicode character —à (U+0448)
(inputenc)                not set up for use with LaTeX.

See the inputenc package documentation for explanation.
Type  H <return>  for immediate help.
 ...                                              
                                                  
l.1 ...É—â–µ—Å—Ç–≤—É—é—â–∏—Ö –º–µ—Ç–æ–¥–æ–≤ —Ä–µ—à
                                                  –µ–Ω–∏—è}
You may provide a definition with
\DeclareUnicodeCharacter 


! Package inputenc Error: Unicode character –µ (U+0435)
(inputenc)                not set up for use with LaTeX.

See the inputenc package documentation for explanation.
Type  H <return>  for immediate help.
 ...                                              
                                                  
l.1 ...â–µ—Å—Ç–≤—É—é—â–∏—Ö –º–µ—Ç–æ–¥–æ–≤ —Ä–µ—à–µ
                                                  –Ω–∏—è}
You may provide a definition with
\DeclareUnicodeCharacter 


! Package inputenc Error: Unicode character –Ω (U+043D)
(inputenc)                not set up for use with LaTeX.

See the inputenc package documentation for explanation.
Type  H <return>  for immediate help.
 ...                                              
                                                  
l.1 ...µ—Å—Ç–≤—É—é—â–∏—Ö –º–µ—Ç–æ–¥–æ–≤ —Ä–µ—à–µ–Ω
                                                  –∏—è}
You may provide a definition with
\DeclareUnicodeCharacter 


! Package inputenc Error: Unicode character –∏ (U+0438)
(inputenc)                not set up for use with LaTeX.

See the inputenc package documentation for explanation.
Type  H <return>  for immediate help.
 ...                                              
                                                  
l.1 ...Å—Ç–≤—É—é—â–∏—Ö –º–µ—Ç–æ–¥–æ–≤ —Ä–µ—à–µ–Ω–∏
                                                  —è}
You may provide a definition with
\DeclareUnicodeCharacter 


! Package inputenc Error: Unicode character —è (U+044F)
(inputenc)                not set up for use with LaTeX.

See the inputenc package documentation for explanation.
Type  H <return>  for immediate help.
 ...                                              
                                                  
l.1 ...Ç–≤—É—é—â–∏—Ö –º–µ—Ç–æ–¥–æ–≤ —Ä–µ—à–µ–Ω–∏—è
                                                  }
You may provide a definition with
\DeclareUnicodeCharacter 


! Package inputenc Error: Unicode character –í (U+0412)
(inputenc)                not set up for use with LaTeX.

See the inputenc package documentation for explanation.
Type  H <return>  for immediate help.
 ...                                              
                                                  
l.3 –í
       –¥–∞–Ω–Ω–æ–º —Ä–∞–∑–¥–µ–ª–µ –±—É–¥—É—Ç –æ–ø–∏—Å–∞–Ω—ã —Å—É—â–µ—Å—Ç–≤—...

You may provide a definition with
\DeclareUnicodeCharacter 


! Package inputenc Error: Unicode character –¥ (U+0434)
(inputenc)                not set up for use with LaTeX.

See the inputenc package documentation for explanation.
Type  H <return>  for immediate help.
 ...                                              
                                                  
l.3 –í –¥
         –∞–Ω–Ω–æ–º —Ä–∞–∑–¥–µ–ª–µ –±—É–¥—É—Ç –æ–ø–∏—Å–∞–Ω—ã —Å—É—â–µ—Å—Ç–≤—...

You may provide a definition with
\DeclareUnicodeCharacter 


! Package inputenc Error: Unicode character –∞ (U+0430)
(inputenc)                not set up for use with LaTeX.

See the inputenc package documentation for explanation.
Type  H <return>  for immediate help.
 ...                                              
                                                  
l.3 –í –¥–∞
           –Ω–Ω–æ–º —Ä–∞–∑–¥–µ–ª–µ –±—É–¥—É—Ç –æ–ø–∏—Å–∞–Ω—ã —Å—É—â–µ—Å—Ç–≤—...

You may provide a definition with
\DeclareUnicodeCharacter 


! Package inputenc Error: Unicode character –Ω (U+043D)
(inputenc)                not set up for use with LaTeX.

See the inputenc package documentation for explanation.
Type  H <return>  for immediate help.
 ...                                              
                                                  
l.3 –í –¥–∞–Ω
             –Ω–æ–º —Ä–∞–∑–¥–µ–ª–µ –±—É–¥—É—Ç –æ–ø–∏—Å–∞–Ω—ã —Å—É—â–µ—Å—Ç–≤—...

You may provide a definition with
\DeclareUnicodeCharacter 


! Package inputenc Error: Unicode character –Ω (U+043D)
(inputenc)                not set up for use with LaTeX.

See the inputenc package documentation for explanation.
Type  H <return>  for immediate help.
 ...                                              
                                                  
l.3 –í –¥–∞–Ω–Ω
               –æ–º —Ä–∞–∑–¥–µ–ª–µ –±—É–¥—É—Ç –æ–ø–∏—Å–∞–Ω—ã —Å—É—â–µ—Å—Ç–≤—...

You may provide a definition with
\DeclareUnicodeCharacter 


! Package inputenc Error: Unicode character –æ (U+043E)
(inputenc)                not set up for use with LaTeX.

See the inputenc package documentation for explanation.
Type  H <return>  for immediate help.
 ...                                              
                                                  
l.3 –í –¥–∞–Ω–Ω–æ
                 –º —Ä–∞–∑–¥–µ–ª–µ –±—É–¥—É—Ç –æ–ø–∏—Å–∞–Ω—ã —Å—É—â–µ—Å—Ç–≤—...

You may provide a definition with
\DeclareUnicodeCharacter 


! Package inputenc Error: Unicode character –º (U+043C)
(inputenc)                not set up for use with LaTeX.

See the inputenc package documentation for explanation.
Type  H <return>  for immediate help.
 ...                                              
                                                  
l.3 –í –¥–∞–Ω–Ω–æ–º
                    —Ä–∞–∑–¥–µ–ª–µ –±—É–¥—É—Ç –æ–ø–∏—Å–∞–Ω—ã —Å—É—â–µ—Å—Ç–≤—...

You may provide a definition with
\DeclareUnicodeCharacter 


! Package inputenc Error: Unicode character —Ä (U+0440)
(inputenc)                not set up for use with LaTeX.

See the inputenc package documentation for explanation.
Type  H <return>  for immediate help.
 ...                                              
                                                  
l.3 –í –¥–∞–Ω–Ω–æ–º —Ä
                      –∞–∑–¥–µ–ª–µ –±—É–¥—É—Ç –æ–ø–∏—Å–∞–Ω—ã —Å—É—â–µ—Å—Ç–≤—...

You may provide a definition with
\DeclareUnicodeCharacter 


! Package inputenc Error: Unicode character –∞ (U+0430)
(inputenc)                not set up for use with LaTeX.

See the inputenc package documentation for explanation.
Type  H <return>  for immediate help.
 ...                                              
                                                  
l.3 –í –¥–∞–Ω–Ω–æ–º —Ä–∞
                        –∑–¥–µ–ª–µ –±—É–¥—É—Ç –æ–ø–∏—Å–∞–Ω—ã —Å—É—â–µ—Å—Ç–≤—...

You may provide a definition with
\DeclareUnicodeCharacter 


! Package inputenc Error: Unicode character –∑ (U+0437)
(inputenc)                not set up for use with LaTeX.

See the inputenc package documentation for explanation.
Type  H <return>  for immediate help.
 ...                                              
                                                  
l.3 –í –¥–∞–Ω–Ω–æ–º —Ä–∞–∑
                          –¥–µ–ª–µ –±—É–¥—É—Ç –æ–ø–∏—Å–∞–Ω—ã —Å—É—â–µ—Å—Ç–≤—...

You may provide a definition with
\DeclareUnicodeCharacter 


! Package inputenc Error: Unicode character –¥ (U+0434)
(inputenc)                not set up for use with LaTeX.

See the inputenc package documentation for explanation.
Type  H <return>  for immediate help.
 ...                                              
                                                  
l.3 –í –¥–∞–Ω–Ω–æ–º —Ä–∞–∑–¥
                            –µ–ª–µ –±—É–¥—É—Ç –æ–ø–∏—Å–∞–Ω—ã —Å—É—â–µ—Å—Ç–≤—...

You may provide a definition with
\DeclareUnicodeCharacter 


! Package inputenc Error: Unicode character –µ (U+0435)
(inputenc)                not set up for use with LaTeX.

See the inputenc package documentation for explanation.
Type  H <return>  for immediate help.
 ...                                              
                                                  
l.3 –í –¥–∞–Ω–Ω–æ–º —Ä–∞–∑–¥–µ
                              –ª–µ –±—É–¥—É—Ç –æ–ø–∏—Å–∞–Ω—ã —Å—É—â–µ—Å—Ç–≤—...

You may provide a definition with
\DeclareUnicodeCharacter 


! Package inputenc Error: Unicode character –ª (U+043B)
(inputenc)                not set up for use with LaTeX.

See the inputenc package documentation for explanation.
Type  H <return>  for immediate help.
 ...                                              
                                                  
l.3 –í –¥–∞–Ω–Ω–æ–º —Ä–∞–∑–¥–µ–ª
                                –µ –±—É–¥—É—Ç –æ–ø–∏—Å–∞–Ω—ã —Å—É—â–µ—Å—Ç–≤—...

You may provide a definition with
\DeclareUnicodeCharacter 


! Package inputenc Error: Unicode character –µ (U+0435)
(inputenc)                not set up for use with LaTeX.

See the inputenc package documentation for explanation.
Type  H <return>  for immediate help.
 ...                                              
                                                  
l.3 –í –¥–∞–Ω–Ω–æ–º —Ä–∞–∑–¥–µ–ª–µ
                                   –±—É–¥—É—Ç –æ–ø–∏—Å–∞–Ω—ã —Å—É—â–µ—Å—Ç–≤—...

You may provide a definition with
\DeclareUnicodeCharacter 


! Package inputenc Error: Unicode character –± (U+0431)
(inputenc)                not set up for use with LaTeX.

See the inputenc package documentation for explanation.
Type  H <return>  for immediate help.
 ...                                              
                                                  
l.3 –í –¥–∞–Ω–Ω–æ–º —Ä–∞–∑–¥–µ–ª–µ –±
                                     —É–¥—É—Ç –æ–ø–∏—Å–∞–Ω—ã —Å—É—â–µ—Å—Ç–≤—...

You may provide a definition with
\DeclareUnicodeCharacter 


! Package inputenc Error: Unicode character —É (U+0443)
(inputenc)                not set up for use with LaTeX.

See the inputenc package documentation for explanation.
Type  H <return>  for immediate help.
 ...                                              
                                                  
l.3 –í –¥–∞–Ω–Ω–æ–º —Ä–∞–∑–¥–µ–ª–µ –±—É
                                       –¥—É—Ç –æ–ø–∏—Å–∞–Ω—ã —Å—É—â–µ—Å—Ç–≤—...

You may provide a definition with
\DeclareUnicodeCharacter 


! Package inputenc Error: Unicode character –¥ (U+0434)
(inputenc)                not set up for use with LaTeX.

See the inputenc package documentation for explanation.
Type  H <return>  for immediate help.
 ...                                              
                                                  
l.3 –í –¥–∞–Ω–Ω–æ–º —Ä–∞–∑–¥–µ–ª–µ –±—É–¥
                                         —É—Ç –æ–ø–∏—Å–∞–Ω—ã —Å—É—â–µ—Å—Ç–≤—...

You may provide a definition with
\DeclareUnicodeCharacter 


! Package inputenc Error: Unicode character —É (U+0443)
(inputenc)                not set up for use with LaTeX.

See the inputenc package documentation for explanation.
Type  H <return>  for immediate help.
 ...                                              
                                                  
l.3 –í –¥–∞–Ω–Ω–æ–º —Ä–∞–∑–¥–µ–ª–µ –±—É–¥—É
                                           —Ç –æ–ø–∏—Å–∞–Ω—ã —Å—É—â–µ—Å—Ç–≤—...

You may provide a definition with
\DeclareUnicodeCharacter 


! Package inputenc Error: Unicode character —Ç (U+0442)
(inputenc)                not set up for use with LaTeX.

See the inputenc package documentation for explanation.
Type  H <return>  for immediate help.
 ...                                              
                                                  
l.3 –í –¥–∞–Ω–Ω–æ–º —Ä–∞–∑–¥–µ–ª–µ –±—É–¥—É—Ç
                                              –æ–ø–∏—Å–∞–Ω—ã —Å—É—â–µ—Å—Ç–≤—...

You may provide a definition with
\DeclareUnicodeCharacter 


! Package inputenc Error: Unicode character –æ (U+043E)
(inputenc)                not set up for use with LaTeX.

See the inputenc package documentation for explanation.
Type  H <return>  for immediate help.
 ...                                              
                                                  
l.3 –í –¥–∞–Ω–Ω–æ–º —Ä–∞–∑–¥–µ–ª–µ –±—É–¥—É—Ç –æ
                                                –ø–∏—Å–∞–Ω—ã —Å—É—â–µ—Å—Ç–≤—...

You may provide a definition with
\DeclareUnicodeCharacter 


! Package inputenc Error: Unicode character –ø (U+043F)
(inputenc)                not set up for use with LaTeX.

See the inputenc package documentation for explanation.
Type  H <return>  for immediate help.
 ...                                              
                                                  
l.3 –í –¥–∞–Ω–Ω–æ–º —Ä–∞–∑–¥–µ–ª–µ –±—É–¥—É—Ç –æ–ø
                                                  –∏—Å–∞–Ω—ã —Å—É—â–µ—Å—Ç–≤—...

You may provide a definition with
\DeclareUnicodeCharacter 


! Package inputenc Error: Unicode character –∏ (U+0438)
(inputenc)                not set up for use with LaTeX.

See the inputenc package documentation for explanation.
Type  H <return>  for immediate help.
 ...                                              
                                                  
l.3 ...–∞–Ω–Ω–æ–º —Ä–∞–∑–¥–µ–ª–µ –±—É–¥—É—Ç –æ–ø–∏
                                                  —Å–∞–Ω—ã —Å—É—â–µ—Å—Ç–≤—É—...

You may provide a definition with
\DeclareUnicodeCharacter 


! Package inputenc Error: Unicode character —Å (U+0441)
(inputenc)                not set up for use with LaTeX.

See the inputenc package documentation for explanation.
Type  H <return>  for immediate help.
 ...                                              
                                                  
l.3 ...–Ω–Ω–æ–º —Ä–∞–∑–¥–µ–ª–µ –±—É–¥—É—Ç –æ–ø–∏—Å
                                                  –∞–Ω—ã —Å—É—â–µ—Å—Ç–≤—É—é—...

You may provide a definition with
\DeclareUnicodeCharacter 


! Package inputenc Error: Unicode character –∞ (U+0430)
(inputenc)                not set up for use with LaTeX.

See the inputenc package documentation for explanation.
Type  H <return>  for immediate help.
 ...                                              
                                                  
l.3 ...–Ω–æ–º —Ä–∞–∑–¥–µ–ª–µ –±—É–¥—É—Ç –æ–ø–∏—Å–∞
                                                  –Ω—ã —Å—É—â–µ—Å—Ç–≤—É—é—â–...

You may provide a definition with
\DeclareUnicodeCharacter 


! Package inputenc Error: Unicode character –Ω (U+043D)
(inputenc)                not set up for use with LaTeX.

See the inputenc package documentation for explanation.
Type  H <return>  for immediate help.
 ...                                              
                                                  
l.3 ...–æ–º —Ä–∞–∑–¥–µ–ª–µ –±—É–¥—É—Ç –æ–ø–∏—Å–∞–Ω
                                                  —ã —Å—É—â–µ—Å—Ç–≤—É—é—â–∏–...

You may provide a definition with
\DeclareUnicodeCharacter 


! Package inputenc Error: Unicode character —ã (U+044B)
(inputenc)                not set up for use with LaTeX.

See the inputenc package documentation for explanation.
Type  H <return>  for immediate help.
 ...                                              
                                                  
l.3 ...–º —Ä–∞–∑–¥–µ–ª–µ –±—É–¥—É—Ç –æ–ø–∏—Å–∞–Ω—ã
                                                   —Å—É—â–µ—Å—Ç–≤—É—é—â–∏–µ ...

You may provide a definition with
\DeclareUnicodeCharacter 


! Package inputenc Error: Unicode character —Å (U+0441)
(inputenc)                not set up for use with LaTeX.

See the inputenc package documentation for explanation.
Type  H <return>  for immediate help.
 ...                                              
                                                  
l.3 ...—Ä–∞–∑–¥–µ–ª–µ –±—É–¥—É—Ç –æ–ø–∏—Å–∞–Ω—ã —Å
                                                  —É—â–µ—Å—Ç–≤—É—é—â–∏–µ –º–...

You may provide a definition with
\DeclareUnicodeCharacter 


! Package inputenc Error: Unicode character —É (U+0443)
(inputenc)                not set up for use with LaTeX.

See the inputenc package documentation for explanation.
Type  H <return>  for immediate help.
 ...                                              
                                                  
l.3 ...–∞–∑–¥–µ–ª–µ –±—É–¥—É—Ç –æ–ø–∏—Å–∞–Ω—ã —Å—É
                                                  —â–µ—Å—Ç–≤—É—é—â–∏–µ –º–µ—...

You may provide a definition with
\DeclareUnicodeCharacter 


! Package inputenc Error: Unicode character —â (U+0449)
(inputenc)                not set up for use with LaTeX.

See the inputenc package documentation for explanation.
Type  H <return>  for immediate help.
 ...                                              
                                                  
l.3 ...–∑–¥–µ–ª–µ –±—É–¥—É—Ç –æ–ø–∏—Å–∞–Ω—ã —Å—É—â
                                                  –µ—Å—Ç–≤—É—é—â–∏–µ –º–µ—Ç–...

You may provide a definition with
\DeclareUnicodeCharacter 


! Package inputenc Error: Unicode character –µ (U+0435)
(inputenc)                not set up for use with LaTeX.

See the inputenc package documentation for explanation.
Type  H <return>  for immediate help.
 ...                                              
                                                  
l.3 ...–¥–µ–ª–µ –±—É–¥—É—Ç –æ–ø–∏—Å–∞–Ω—ã —Å—É—â–µ
                                                  —Å—Ç–≤—É—é—â–∏–µ –º–µ—Ç–æ–...

You may provide a definition with
\DeclareUnicodeCharacter 


! Package inputenc Error: Unicode character —Å (U+0441)
(inputenc)                not set up for use with LaTeX.

See the inputenc package documentation for explanation.
Type  H <return>  for immediate help.
 ...                                              
                                                  
l.3 ...–µ–ª–µ –±—É–¥—É—Ç –æ–ø–∏—Å–∞–Ω—ã —Å—É—â–µ—Å
                                                  —Ç–≤—É—é—â–∏–µ –º–µ—Ç–æ–¥—...

You may provide a definition with
\DeclareUnicodeCharacter 


! Package inputenc Error: Unicode character —Ç (U+0442)
(inputenc)                not set up for use with LaTeX.

See the inputenc package documentation for explanation.
Type  H <return>  for immediate help.
 ...                                              
                                                  
l.3 ...–ª–µ –±—É–¥—É—Ç –æ–ø–∏—Å–∞–Ω—ã —Å—É—â–µ—Å—Ç
                                                  –≤—É—é—â–∏–µ –º–µ—Ç–æ–¥—ã ...

You may provide a definition with
\DeclareUnicodeCharacter 


! Package inputenc Error: Unicode character –≤ (U+0432)
(inputenc)                not set up for use with LaTeX.

See the inputenc package documentation for explanation.
Type  H <return>  for immediate help.
 ...                                              
                                                  
l.3 ...–µ –±—É–¥—É—Ç –æ–ø–∏—Å–∞–Ω—ã —Å—É—â–µ—Å—Ç–≤
                                                  —É—é—â–∏–µ –º–µ—Ç–æ–¥—ã —Ä...

You may provide a definition with
\DeclareUnicodeCharacter 


! Package inputenc Error: Unicode character —É (U+0443)
(inputenc)                not set up for use with LaTeX.

See the inputenc package documentation for explanation.
Type  H <return>  for immediate help.
 ...                                              
                                                  
l.3 ... –±—É–¥—É—Ç –æ–ø–∏—Å–∞–Ω—ã —Å—É—â–µ—Å—Ç–≤—É
                                                  —é—â–∏–µ –º–µ—Ç–æ–¥—ã —Ä–µ...

You may provide a definition with
\DeclareUnicodeCharacter 


! Package inputenc Error: Unicode character —é (U+044E)
(inputenc)                not set up for use with LaTeX.

See the inputenc package documentation for explanation.
Type  H <return>  for immediate help.
 ...                                              
                                                  
l.3 ...±—É–¥—É—Ç –æ–ø–∏—Å–∞–Ω—ã —Å—É—â–µ—Å—Ç–≤—É—é
                                                  —â–∏–µ –º–µ—Ç–æ–¥—ã —Ä–µ—à...

You may provide a definition with
\DeclareUnicodeCharacter 


! Package inputenc Error: Unicode character —â (U+0449)
(inputenc)                not set up for use with LaTeX.

See the inputenc package documentation for explanation.
Type  H <return>  for immediate help.
 ...                                              
                                                  
l.3 ...É–¥—É—Ç –æ–ø–∏—Å–∞–Ω—ã —Å—É—â–µ—Å—Ç–≤—É—é—â
                                                  –∏–µ –º–µ—Ç–æ–¥—ã —Ä–µ—à–µ...

You may provide a definition with
\DeclareUnicodeCharacter 


! Package inputenc Error: Unicode character –∏ (U+0438)
(inputenc)                not set up for use with LaTeX.

See the inputenc package documentation for explanation.
Type  H <return>  for immediate help.
 ...                                              
                                                  
l.3 ...¥—É—Ç –æ–ø–∏—Å–∞–Ω—ã —Å—É—â–µ—Å—Ç–≤—É—é—â–∏
                                                  –µ –º–µ—Ç–æ–¥—ã —Ä–µ—à–µ–Ω...

You may provide a definition with
\DeclareUnicodeCharacter 


! Package inputenc Error: Unicode character –µ (U+0435)
(inputenc)                not set up for use with LaTeX.

See the inputenc package documentation for explanation.
Type  H <return>  for immediate help.
 ...                                              
                                                  
l.3 ...É—Ç –æ–ø–∏—Å–∞–Ω—ã —Å—É—â–µ—Å—Ç–≤—É—é—â–∏–µ
                                                   –º–µ—Ç–æ–¥—ã —Ä–µ—à–µ–Ω–∏...

You may provide a definition with
\DeclareUnicodeCharacter 


! Package inputenc Error: Unicode character –º (U+043C)
(inputenc)                not set up for use with LaTeX.

See the inputenc package documentation for explanation.
Type  H <return>  for immediate help.
 ...                                              
                                                  
l.3 ... –æ–ø–∏—Å–∞–Ω—ã —Å—É—â–µ—Å—Ç–≤—É—é—â–∏–µ –º
                                                  –µ—Ç–æ–¥—ã —Ä–µ—à–µ–Ω–∏—è,...

You may provide a definition with
\DeclareUnicodeCharacter 


! Package inputenc Error: Unicode character –µ (U+0435)
(inputenc)                not set up for use with LaTeX.

See the inputenc package documentation for explanation.
Type  H <return>  for immediate help.
 ...                                              
                                                  
l.3 ...æ–ø–∏—Å–∞–Ω—ã —Å—É—â–µ—Å—Ç–≤—É—é—â–∏–µ –º–µ
                                                  —Ç–æ–¥—ã —Ä–µ—à–µ–Ω–∏—è, –...

You may provide a definition with
\DeclareUnicodeCharacter 


! Package inputenc Error: Unicode character —Ç (U+0442)
(inputenc)                not set up for use with LaTeX.

See the inputenc package documentation for explanation.
Type  H <return>  for immediate help.
 ...                                              
                                                  
l.3 ...ø–∏—Å–∞–Ω—ã —Å—É—â–µ—Å—Ç–≤—É—é—â–∏–µ –º–µ—Ç
                                                  –æ–¥—ã —Ä–µ—à–µ–Ω–∏—è, –≤—...

You may provide a definition with
\DeclareUnicodeCharacter 


! Package inputenc Error: Unicode character –æ (U+043E)
(inputenc)                not set up for use with LaTeX.

See the inputenc package documentation for explanation.
Type  H <return>  for immediate help.
 ...                                              
                                                  
l.3 ...∏—Å–∞–Ω—ã —Å—É—â–µ—Å—Ç–≤—É—é—â–∏–µ –º–µ—Ç–æ
                                                  –¥—ã —Ä–µ—à–µ–Ω–∏—è, –≤—ã–...

You may provide a definition with
\DeclareUnicodeCharacter 


! Package inputenc Error: Unicode character –¥ (U+0434)
(inputenc)                not set up for use with LaTeX.

See the inputenc package documentation for explanation.
Type  H <return>  for immediate help.
 ...                                              
                                                  
l.3 ...Å–∞–Ω—ã —Å—É—â–µ—Å—Ç–≤—É—é—â–∏–µ –º–µ—Ç–æ–¥
                                                  —ã —Ä–µ—à–µ–Ω–∏—è, –≤—ã–¥–...

You may provide a definition with
\DeclareUnicodeCharacter 


! Package inputenc Error: Unicode character —ã (U+044B)
(inputenc)                not set up for use with LaTeX.

See the inputenc package documentation for explanation.
Type  H <return>  for immediate help.
 ...                                              
                                                  
l.3 ...∞–Ω—ã —Å—É—â–µ—Å—Ç–≤—É—é—â–∏–µ –º–µ—Ç–æ–¥—ã
                                                   —Ä–µ—à–µ–Ω–∏—è, –≤—ã–¥–µ–...

You may provide a definition with
\DeclareUnicodeCharacter 


! Package inputenc Error: Unicode character —Ä (U+0440)
(inputenc)                not set up for use with LaTeX.

See the inputenc package documentation for explanation.
Type  H <return>  for immediate help.
 ...                                              
                                                  
l.3 ...—ã —Å—É—â–µ—Å—Ç–≤—É—é—â–∏–µ –º–µ—Ç–æ–¥—ã —Ä
                                                  –µ—à–µ–Ω–∏—è, –≤—ã–¥–µ–ª–µ...

You may provide a definition with
\DeclareUnicodeCharacter 


! Package inputenc Error: Unicode character –µ (U+0435)
(inputenc)                not set up for use with LaTeX.

See the inputenc package documentation for explanation.
Type  H <return>  for immediate help.
 ...                                              
                                                  
l.3 ... —Å—É—â–µ—Å—Ç–≤—É—é—â–∏–µ –º–µ—Ç–æ–¥—ã —Ä–µ
                                                  —à–µ–Ω–∏—è, –≤—ã–¥–µ–ª–µ–Ω...

You may provide a definition with
\DeclareUnicodeCharacter 


! Package inputenc Error: Unicode character —à (U+0448)
(inputenc)                not set up for use with LaTeX.

See the inputenc package documentation for explanation.
Type  H <return>  for immediate help.
 ...                                              
                                                  
l.3 ...Å—É—â–µ—Å—Ç–≤—É—é—â–∏–µ –º–µ—Ç–æ–¥—ã —Ä–µ—à
                                                  –µ–Ω–∏—è, –≤—ã–¥–µ–ª–µ–Ω—ã...

You may provide a definition with
\DeclareUnicodeCharacter 


! Package inputenc Error: Unicode character –µ (U+0435)
(inputenc)                not set up for use with LaTeX.

See the inputenc package documentation for explanation.
Type  H <return>  for immediate help.
 ...                                              
                                                  
l.3 ...É—â–µ—Å—Ç–≤—É—é—â–∏–µ –º–µ—Ç–æ–¥—ã —Ä–µ—à–µ
                                                  –Ω–∏—è, –≤—ã–¥–µ–ª–µ–Ω—ã –...

You may provide a definition with
\DeclareUnicodeCharacter 


! Package inputenc Error: Unicode character –Ω (U+043D)
(inputenc)                not set up for use with LaTeX.

See the inputenc package documentation for explanation.
Type  H <return>  for immediate help.
 ...                                              
                                                  
l.3 ...â–µ—Å—Ç–≤—É—é—â–∏–µ –º–µ—Ç–æ–¥—ã —Ä–µ—à–µ–Ω
                                                  –∏—è, –≤—ã–¥–µ–ª–µ–Ω—ã –∫—...

You may provide a definition with
\DeclareUnicodeCharacter 


! Package inputenc Error: Unicode character –∏ (U+0438)
(inputenc)                not set up for use with LaTeX.

See the inputenc package documentation for explanation.
Type  H <return>  for immediate help.
 ...                                              
                                                  
l.3 ...µ—Å—Ç–≤—É—é—â–∏–µ –º–µ—Ç–æ–¥—ã —Ä–µ—à–µ–Ω–∏
                                                  —è, –≤—ã–¥–µ–ª–µ–Ω—ã –∫—Ä–...

You may provide a definition with
\DeclareUnicodeCharacter 


! Package inputenc Error: Unicode character —è (U+044F)
(inputenc)                not set up for use with LaTeX.

See the inputenc package documentation for explanation.
Type  H <return>  for immediate help.
 ...                                              
                                                  
l.3 ...Å—Ç–≤—É—é—â–∏–µ –º–µ—Ç–æ–¥—ã —Ä–µ—à–µ–Ω–∏—è
                                                  , –≤—ã–¥–µ–ª–µ–Ω—ã –∫—Ä–∏—...

You may provide a definition with
\DeclareUnicodeCharacter 


! LaTeX Error: Missing \begin{document}.

See the LaTeX manual or LaTeX Companion for explanation.
Type  H <return>  for immediate help.
 ...                                              
                                                  
l.3 ...—Ç–≤—É—é—â–∏–µ –º–µ—Ç–æ–¥—ã —Ä–µ—à–µ–Ω–∏—è,
                                                   –≤—ã–¥–µ–ª–µ–Ω—ã –∫—Ä–∏—Ç...

You're in trouble here.  Try typing  <return>  to proceed.
If that doesn't work, type  X <return>  to quit.

Missing character: There is no , in font nullfont!

! Package inputenc Error: Unicode character –≤ (U+0432)
(inputenc)                not set up for use with LaTeX.

See the inputenc package documentation for explanation.
Type  H <return>  for immediate help.
 ...                                              
                                                  
l.3 ...≤—É—é—â–∏–µ –º–µ—Ç–æ–¥—ã —Ä–µ—à–µ–Ω–∏—è, –≤
                                                  —ã–¥–µ–ª–µ–Ω—ã –∫—Ä–∏—Ç–µ—...

You may provide a definition with
\DeclareUnicodeCharacter 


! Package inputenc Error: Unicode character —ã (U+044B)
(inputenc)                not set up for use with LaTeX.

See the inputenc package documentation for explanation.
Type  H <return>  for immediate help.
 ...                                              
                                                  
l.3 ...É—é—â–∏–µ –º–µ—Ç–æ–¥—ã —Ä–µ—à–µ–Ω–∏—è, –≤—ã
                                                  –¥–µ–ª–µ–Ω—ã –∫—Ä–∏—Ç–µ—Ä–...

You may provide a definition with
\DeclareUnicodeCharacter 


! Package inputenc Error: Unicode character –¥ (U+0434)
(inputenc)                not set up for use with LaTeX.

See the inputenc package documentation for explanation.
Type  H <return>  for immediate help.
 ...                                              
                                                  
l.3 ...é—â–∏–µ –º–µ—Ç–æ–¥—ã —Ä–µ—à–µ–Ω–∏—è, –≤—ã–¥
                                                  –µ–ª–µ–Ω—ã –∫—Ä–∏—Ç–µ—Ä–∏–...

You may provide a definition with
\DeclareUnicodeCharacter 


! Package inputenc Error: Unicode character –µ (U+0435)
(inputenc)                not set up for use with LaTeX.

See the inputenc package documentation for explanation.
Type  H <return>  for immediate help.
 ...                                              
                                                  
l.3 ...â–∏–µ –º–µ—Ç–æ–¥—ã —Ä–µ—à–µ–Ω–∏—è, –≤—ã–¥–µ
                                                  –ª–µ–Ω—ã –∫—Ä–∏—Ç–µ—Ä–∏–∏ ...

You may provide a definition with
\DeclareUnicodeCharacter 


! Package inputenc Error: Unicode character –ª (U+043B)
(inputenc)                not set up for use with LaTeX.

See the inputenc package documentation for explanation.
Type  H <return>  for immediate help.
 ...                                              
                                                  
l.3 ...∏–µ –º–µ—Ç–æ–¥—ã —Ä–µ—à–µ–Ω–∏—è, –≤—ã–¥–µ–ª
                                                  –µ–Ω—ã –∫—Ä–∏—Ç–µ—Ä–∏–∏ –∏...

You may provide a definition with
\DeclareUnicodeCharacter 


! Package inputenc Error: Unicode character –µ (U+0435)
(inputenc)                not set up for use with LaTeX.

See the inputenc package documentation for explanation.
Type  H <return>  for immediate help.
 ...                                              
                                                  
l.3 ...µ –º–µ—Ç–æ–¥—ã —Ä–µ—à–µ–Ω–∏—è, –≤—ã–¥–µ–ª–µ
                                                  –Ω—ã –∫—Ä–∏—Ç–µ—Ä–∏–∏ –∏—Ö...

You may provide a definition with
\DeclareUnicodeCharacter 


! Package inputenc Error: Unicode character –Ω (U+043D)
(inputenc)                not set up for use with LaTeX.

See the inputenc package documentation for explanation.
Type  H <return>  for immediate help.
 ...                                              
                                                  
l.3 ...–º–µ—Ç–æ–¥—ã —Ä–µ—à–µ–Ω–∏—è, –≤—ã–¥–µ–ª–µ–Ω
                                                  —ã –∫—Ä–∏—Ç–µ—Ä–∏–∏ –∏—Ö –...

You may provide a definition with
\DeclareUnicodeCharacter 


! Package inputenc Error: Unicode character —ã (U+044B)
(inputenc)                not set up for use with LaTeX.

See the inputenc package documentation for explanation.
Type  H <return>  for immediate help.
 ...                                              
                                                  
l.3 ...–µ—Ç–æ–¥—ã —Ä–µ—à–µ–Ω–∏—è, –≤—ã–¥–µ–ª–µ–Ω—ã
                                                   –∫—Ä–∏—Ç–µ—Ä–∏–∏ –∏—Ö –æ—...
(That makes 100 errors; please try again.) 
Here is how much of TeX's memory you used:
 44 strings out of 482080
 728 string characters out of 5941728
 233878 words of memory out of 5000000
 15207 multiletter control sequences out of 15000+600000
 532338 words of font info for 24 fonts, out of 8000000 for 9000
 766 hyphenation exceptions out of 8191
 12i,0n,15p,314b,38s stack positions out of 5000i,500n,10000p,200000b,80000s

!  ==> Fatal error occurred, no output PDF file produced!
